C:\Program Files (x86)\Microsoft Visual Studio\2019\Community\MSBuild\Microsoft\VC\v160\Microsoft.MetaGen.targets(91,5): warning : 遺漏必要的檔案 "C:\USERS\USER\DESKTOP\基礎電腦圖學\OPENMESH_EX\DEBUG\HKOGLPANEL.DLL"。
  DotNetUitilities.cpp
  GLCamera.cc
  GUA_OM.cpp
C:\Users\PC14\Desktop\OpenMEShit\OpenMesh_EX\OpenMesh_EX\Mesh\GUA_OM.cpp(78,31): warning C4996: 'OpenMesh::Iterators::GenericIteratorT<OpenMesh::PolyConnectivity::This,OpenMesh::ArrayKernel::FaceHandle,OpenMesh::ArrayKernel,{&OpenMesh::ArrayKernel::has_face_status,0},{&OpenMesh::ArrayKernel::[thunk]: __thiscall OpenMesh::ArrayKernel::`vcall'{16,{flat}}' }',0}>::operator OpenMesh::FaceHandle': Implicit casts of iterators are unsafe. Use dereferencing operators -> and * instead.
C:\Users\PC14\Desktop\OpenMEShit\OpenMesh_EX\OpenMesh_EX\Mesh\GUA_OM.cpp(80,34): warning C4996: 'OpenMesh::Iterators::GenericCirculatorT_DEPRECATED<OpenMesh::PolyConnectivity::This,OpenMesh::ArrayKernel::FaceHandle,OpenMesh::ArrayKernel::VertexHandle,{&OpenMesh::Iterators::GenericCirculatorBaseT<OpenMesh::PolyConnectivity::This>::toVertexHandle,0}>::handle': This function clutters your code. Use dereferencing operators -> and * instead.
C:\Users\PC14\Desktop\OpenMEShit\OpenMesh_EX\OpenMesh_EX\Mesh\GUA_OM.cpp(81,33): warning C4996: 'OpenMesh::Iterators::GenericCirculatorT_DEPRECATED<OpenMesh::PolyConnectivity::This,OpenMesh::ArrayKernel::FaceHandle,OpenMesh::ArrayKernel::VertexHandle,{&OpenMesh::Iterators::GenericCirculatorBaseT<OpenMesh::PolyConnectivity::This>::toVertexHandle,0}>::handle': This function clutters your code. Use dereferencing operators -> and * instead.
C:\Users\PC14\Desktop\OpenMEShit\OpenMesh_EX\OpenMesh_EX\Mesh\GUA_OM.cpp(99,38): warning C4996: 'OpenMesh::Iterators::GenericIteratorT<OpenMesh::PolyConnectivity::This,OpenMesh::ArrayKernel::EdgeHandle,OpenMesh::ArrayKernel,{&OpenMesh::ArrayKernel::has_edge_status,0},{&OpenMesh::ArrayKernel::[thunk]: __thiscall OpenMesh::ArrayKernel::`vcall'{12,{flat}}' }',0}>::handle': This function clutters your code. Use dereferencing operators -> and * instead.
C:\Users\PC14\Desktop\OpenMEShit\OpenMesh_EX\OpenMesh_EX\Mesh\GUA_OM.cpp(157,41): warning C4996: 'OpenMesh::Iterators::GenericCirculatorT_DEPRECATED<OpenMesh::PolyConnectivity::This,OpenMesh::ArrayKernel::FaceHandle,OpenMesh::ArrayKernel::VertexHandle,{&OpenMesh::Iterators::GenericCirculatorBaseT<OpenMesh::PolyConnectivity::This>::toVertexHandle,0}>::operator bool': Do not use this error prone implicit cast. Compare to end-iterator or use is_valid(), instead.
C:\Users\PC14\Desktop\OpenMEShit\OpenMesh_EX\OpenMesh_EX\Mesh\GUA_OM.cpp(159,35): warning C4996: 'OpenMesh::Iterators::GenericCirculatorT_DEPRECATED<OpenMesh::PolyConnectivity::This,OpenMesh::ArrayKernel::FaceHandle,OpenMesh::ArrayKernel::VertexHandle,{&OpenMesh::Iterators::GenericCirculatorBaseT<OpenMesh::PolyConnectivity::This>::toVertexHandle,0}>::handle': This function clutters your code. Use dereferencing operators -> and * instead.
C:\Users\PC14\Desktop\OpenMEShit\OpenMesh_EX\OpenMesh_EX\Mesh\GUA_OM.cpp(160,34): warning C4996: 'OpenMesh::Iterators::GenericCirculatorT_DEPRECATED<OpenMesh::PolyConnectivity::This,OpenMesh::ArrayKernel::FaceHandle,OpenMesh::ArrayKernel::VertexHandle,{&OpenMesh::Iterators::GenericCirculatorBaseT<OpenMesh::PolyConnectivity::This>::toVertexHandle,0}>::handle': This function clutters your code. Use dereferencing operators -> and * instead.
C:\Users\PC14\Desktop\OpenMEShit\OpenMesh_EX\OpenMesh_EX\Mesh\GUA_OM.cpp(269,42): warning C4996: 'OpenMesh::Iterators::GenericCirculatorT_DEPRECATED<OpenMesh::PolyConnectivity::This,OpenMesh::ArrayKernel::VertexHandle,OpenMesh::ArrayKernel::VertexHandle,{&OpenMesh::Iterators::GenericCirculatorBaseT<OpenMesh::PolyConnectivity::This>::toVertexHandle,0}>::operator bool': Do not use this error prone implicit cast. Compare to end-iterator or use is_valid(), instead.
C:\Users\PC14\Desktop\OpenMEShit\OpenMesh_EX\OpenMesh_EX\Mesh\GUA_OM.cpp(270,12): warning C4996: 'OpenMesh::Iterators::GenericCirculatorT_DEPRECATED<OpenMesh::PolyConnectivity::This,OpenMesh::ArrayKernel::VertexHandle,OpenMesh::ArrayKernel::VertexHandle,{&OpenMesh::Iterators::GenericCirculatorBaseT<OpenMesh::PolyConnectivity::This>::toVertexHandle,0}>::handle': This function clutters your code. Use dereferencing operators -> and * instead.
C:\Users\PC14\Desktop\OpenMEShit\OpenMesh_EX\OpenMesh_EX\Mesh\GUA_OM.cpp(303,49): warning C4996: 'OpenMesh::Iterators::GenericCirculatorT_DEPRECATED<OpenMesh::PolyConnectivity::This,OpenMesh::ArrayKernel::FaceHandle,OpenMesh::ArrayKernel::FaceHandle,{&OpenMesh::Iterators::GenericCirculatorBaseT<OpenMesh::PolyConnectivity::This>::toOppositeFaceHandle,0}>::operator bool': Do not use this error prone implicit cast. Compare to end-iterator or use is_valid(), instead.
C:\Users\PC14\Desktop\OpenMEShit\OpenMesh_EX\OpenMesh_EX\Mesh\GUA_OM.cpp(305,22): warning C4996: 'OpenMesh::Iterators::GenericCirculatorT_DEPRECATED<OpenMesh::PolyConnectivity::This,OpenMesh::ArrayKernel::FaceHandle,OpenMesh::ArrayKernel::FaceHandle,{&OpenMesh::Iterators::GenericCirculatorBaseT<OpenMesh::PolyConnectivity::This>::toOppositeFaceHandle,0}>::handle': This function clutters your code. Use dereferencing operators -> and * instead.
C:\Users\PC14\Desktop\OpenMEShit\OpenMesh_EX\OpenMesh_EX\Mesh\GUA_OM.cpp(307,39): warning C4996: 'OpenMesh::Iterators::GenericCirculatorT_DEPRECATED<OpenMesh::PolyConnectivity::This,OpenMesh::ArrayKernel::FaceHandle,OpenMesh::ArrayKernel::FaceHandle,{&OpenMesh::Iterators::GenericCirculatorBaseT<OpenMesh::PolyConnectivity::This>::toOppositeFaceHandle,0}>::handle': This function clutters your code. Use dereferencing operators -> and * instead.
C:\Users\PC14\Desktop\OpenMEShit\OpenMesh_EX\OpenMesh_EX\Mesh\GUA_OM.cpp(308,19): warning C4996: 'OpenMesh::Iterators::GenericCirculatorT_DEPRECATED<OpenMesh::PolyConnectivity::This,OpenMesh::ArrayKernel::FaceHandle,OpenMesh::ArrayKernel::FaceHandle,{&OpenMesh::Iterators::GenericCirculatorBaseT<OpenMesh::PolyConnectivity::This>::toOppositeFaceHandle,0}>::handle': This function clutters your code. Use dereferencing operators -> and * instead.
C:\Users\PC14\Desktop\OpenMEShit\OpenMesh_EX\OpenMesh_EX\Mesh\GUA_OM.cpp(338,20): warning C4996: 'OpenMesh::Iterators::GenericCirculatorT_DEPRECATED<OpenMesh::PolyConnectivity::This,OpenMesh::ArrayKernel::FaceHandle,OpenMesh::ArrayKernel::VertexHandle,{&OpenMesh::Iterators::GenericCirculatorBaseT<OpenMesh::PolyConnectivity::This>::toVertexHandle,0}>::operator bool': Do not use this error prone implicit cast. Compare to end-iterator or use is_valid(), instead.
C:\Users\PC14\Desktop\OpenMEShit\OpenMesh_EX\OpenMesh_EX\Mesh\GUA_OM.cpp(340,20): warning C4996: 'OpenMesh::Iterators::GenericCirculatorT_DEPRECATED<OpenMesh::PolyConnectivity::This,OpenMesh::ArrayKernel::FaceHandle,OpenMesh::ArrayKernel::VertexHandle,{&OpenMesh::Iterators::GenericCirculatorBaseT<OpenMesh::PolyConnectivity::This>::toVertexHandle,0}>::handle': This function clutters your code. Use dereferencing operators -> and * instead.
C:\Users\PC14\Desktop\OpenMEShit\OpenMesh_EX\OpenMesh_EX\Mesh\GUA_OM.cpp(387,49): warning C4996: 'OpenMesh::Iterators::GenericCirculatorT_DEPRECATED<OpenMesh::PolyConnectivity::This,OpenMesh::ArrayKernel::FaceHandle,OpenMesh::ArrayKernel::FaceHandle,{&OpenMesh::Iterators::GenericCirculatorBaseT<OpenMesh::PolyConnectivity::This>::toOppositeFaceHandle,0}>::operator bool': Do not use this error prone implicit cast. Compare to end-iterator or use is_valid(), instead.
C:\Users\PC14\Desktop\OpenMEShit\OpenMesh_EX\OpenMesh_EX\Mesh\GUA_OM.cpp(389,22): warning C4996: 'OpenMesh::Iterators::GenericCirculatorT_DEPRECATED<OpenMesh::PolyConnectivity::This,OpenMesh::ArrayKernel::FaceHandle,OpenMesh::ArrayKernel::FaceHandle,{&OpenMesh::Iterators::GenericCirculatorBaseT<OpenMesh::PolyConnectivity::This>::toOppositeFaceHandle,0}>::handle': This function clutters your code. Use dereferencing operators -> and * instead.
C:\Users\PC14\Desktop\OpenMEShit\OpenMesh_EX\OpenMesh_EX\Mesh\GUA_OM.cpp(391,39): warning C4996: 'OpenMesh::Iterators::GenericCirculatorT_DEPRECATED<OpenMesh::PolyConnectivity::This,OpenMesh::ArrayKernel::FaceHandle,OpenMesh::ArrayKernel::FaceHandle,{&OpenMesh::Iterators::GenericCirculatorBaseT<OpenMesh::PolyConnectivity::This>::toOppositeFaceHandle,0}>::handle': This function clutters your code. Use dereferencing operators -> and * instead.
C:\Users\PC14\Desktop\OpenMEShit\OpenMesh_EX\OpenMesh_EX\Mesh\GUA_OM.cpp(392,19): warning C4996: 'OpenMesh::Iterators::GenericCirculatorT_DEPRECATED<OpenMesh::PolyConnectivity::This,OpenMesh::ArrayKernel::FaceHandle,OpenMesh::ArrayKernel::FaceHandle,{&OpenMesh::Iterators::GenericCirculatorBaseT<OpenMesh::PolyConnectivity::This>::toOppositeFaceHandle,0}>::handle': This function clutters your code. Use dereferencing operators -> and * instead.
C:\Users\PC14\Desktop\OpenMEShit\OpenMesh_EX\OpenMesh_EX\Mesh\GUA_OM.cpp(426,20): warning C4996: 'OpenMesh::Iterators::GenericCirculatorT_DEPRECATED<OpenMesh::PolyConnectivity::This,OpenMesh::ArrayKernel::FaceHandle,OpenMesh::ArrayKernel::VertexHandle,{&OpenMesh::Iterators::GenericCirculatorBaseT<OpenMesh::PolyConnectivity::This>::toVertexHandle,0}>::operator bool': Do not use this error prone implicit cast. Compare to end-iterator or use is_valid(), instead.
C:\Users\PC14\Desktop\OpenMEShit\OpenMesh_EX\OpenMesh_EX\Mesh\GUA_OM.cpp(428,20): warning C4996: 'OpenMesh::Iterators::GenericCirculatorT_DEPRECATED<OpenMesh::PolyConnectivity::This,OpenMesh::ArrayKernel::FaceHandle,OpenMesh::ArrayKernel::VertexHandle,{&OpenMesh::Iterators::GenericCirculatorBaseT<OpenMesh::PolyConnectivity::This>::toVertexHandle,0}>::handle': This function clutters your code. Use dereferencing operators -> and * instead.
C:\Users\PC14\Desktop\OpenMEShit\OpenMesh_EX\OpenMesh_EX\Mesh\GUA_OM.cpp(464,19): warning C4996: 'OpenMesh::Iterators::GenericIteratorT<OpenMesh::PolyConnectivity::This,OpenMesh::ArrayKernel::VertexHandle,OpenMesh::ArrayKernel,{&OpenMesh::ArrayKernel::has_vertex_status,0},{&OpenMesh::ArrayKernel::[thunk]: __thiscall OpenMesh::ArrayKernel::`vcall'{4,{flat}}' }',0}>::operator OpenMesh::VertexHandle': Implicit casts of iterators are unsafe. Use dereferencing operators -> and * instead.
C:\Users\PC14\Desktop\OpenMEShit\OpenMesh_EX\OpenMesh_EX\Mesh\GUA_OM.cpp(465,17): warning C4996: 'OpenMesh::Iterators::GenericIteratorT<OpenMesh::PolyConnectivity::This,OpenMesh::ArrayKernel::VertexHandle,OpenMesh::ArrayKernel,{&OpenMesh::ArrayKernel::has_vertex_status,0},{&OpenMesh::ArrayKernel::[thunk]: __thiscall OpenMesh::ArrayKernel::`vcall'{4,{flat}}' }',0}>::handle': This function clutters your code. Use dereferencing operators -> and * instead.
C:\Users\PC14\Desktop\OpenMEShit\OpenMesh_EX\OpenMesh_EX\Mesh\GUA_OM.cpp(480,34): warning C4305: '引數': 從 'double' 轉換為 'GLfloat'，是由較大的類型轉換為較小的類型，可能導致資料遺失
C:\Users\PC14\Desktop\OpenMEShit\OpenMesh_EX\OpenMesh_EX\Mesh\GUA_OM.cpp(483,26): warning C4996: 'OpenMesh::Iterators::GenericIteratorT<OpenMesh::PolyConnectivity::This,OpenMesh::ArrayKernel::FaceHandle,OpenMesh::ArrayKernel,{&OpenMesh::ArrayKernel::has_face_status,0},{&OpenMesh::ArrayKernel::[thunk]: __thiscall OpenMesh::ArrayKernel::`vcall'{16,{flat}}' }',0}>::operator OpenMesh::FaceHandle': Implicit casts of iterators are unsafe. Use dereferencing operators -> and * instead.
C:\Users\PC14\Desktop\OpenMEShit\OpenMesh_EX\OpenMesh_EX\Mesh\GUA_OM.cpp(485,29): warning C4996: 'OpenMesh::Iterators::GenericCirculatorT_DEPRECATED<OpenMesh::PolyConnectivity::This,OpenMesh::ArrayKernel::FaceHandle,OpenMesh::ArrayKernel::VertexHandle,{&OpenMesh::Iterators::GenericCirculatorBaseT<OpenMesh::PolyConnectivity::This>::toVertexHandle,0}>::handle': This function clutters your code. Use dereferencing operators -> and * instead.
C:\Users\PC14\Desktop\OpenMEShit\OpenMesh_EX\OpenMesh_EX\Mesh\GUA_OM.cpp(486,28): warning C4996: 'OpenMesh::Iterators::GenericCirculatorT_DEPRECATED<OpenMesh::PolyConnectivity::This,OpenMesh::ArrayKernel::FaceHandle,OpenMesh::ArrayKernel::VertexHandle,{&OpenMesh::Iterators::GenericCirculatorBaseT<OpenMesh::PolyConnectivity::This>::toVertexHandle,0}>::handle': This function clutters your code. Use dereferencing operators -> and * instead.
C:\Users\PC14\Desktop\OpenMEShit\OpenMesh_EX\OpenMesh_EX\Mesh\GUA_OM.cpp(510,32): warning C4305: '引數': 從 'double' 轉換為 'GLfloat'，是由較大的類型轉換為較小的類型，可能導致資料遺失
C:\Users\PC14\Desktop\OpenMEShit\OpenMesh_EX\OpenMesh_EX\Mesh\GUA_OM.cpp(513,25): warning C4996: 'OpenMesh::Iterators::GenericIteratorT<OpenMesh::PolyConnectivity::This,OpenMesh::ArrayKernel::FaceHandle,OpenMesh::ArrayKernel,{&OpenMesh::ArrayKernel::has_face_status,0},{&OpenMesh::ArrayKernel::[thunk]: __thiscall OpenMesh::ArrayKernel::`vcall'{16,{flat}}' }',0}>::operator OpenMesh::FaceHandle': Implicit casts of iterators are unsafe. Use dereferencing operators -> and * instead.
C:\Users\PC14\Desktop\OpenMEShit\OpenMesh_EX\OpenMesh_EX\Mesh\GUA_OM.cpp(516,27): warning C4996: 'OpenMesh::Iterators::GenericCirculatorT_DEPRECATED<OpenMesh::PolyConnectivity::This,OpenMesh::ArrayKernel::FaceHandle,OpenMesh::ArrayKernel::VertexHandle,{&OpenMesh::Iterators::GenericCirculatorBaseT<OpenMesh::PolyConnectivity::This>::toVertexHandle,0}>::handle': This function clutters your code. Use dereferencing operators -> and * instead.
C:\Users\PC14\Desktop\OpenMEShit\OpenMesh_EX\OpenMesh_EX\Mesh\GUA_OM.cpp(532,46): warning C4996: 'OpenMesh::Iterators::GenericIteratorT<OpenMesh::PolyConnectivity::This,OpenMesh::ArrayKernel::EdgeHandle,OpenMesh::ArrayKernel,{&OpenMesh::ArrayKernel::has_edge_status,0},{&OpenMesh::ArrayKernel::[thunk]: __thiscall OpenMesh::ArrayKernel::`vcall'{12,{flat}}' }',0}>::handle': This function clutters your code. Use dereferencing operators -> and * instead.
C:\Users\PC14\Desktop\OpenMEShit\OpenMesh_EX\OpenMesh_EX\Mesh\GUA_OM.cpp(555,46): warning C4996: 'OpenMesh::Iterators::GenericIteratorT<OpenMesh::PolyConnectivity::This,OpenMesh::ArrayKernel::EdgeHandle,OpenMesh::ArrayKernel,{&OpenMesh::ArrayKernel::has_edge_status,0},{&OpenMesh::ArrayKernel::[thunk]: __thiscall OpenMesh::ArrayKernel::`vcall'{12,{flat}}' }',0}>::handle': This function clutters your code. Use dereferencing operators -> and * instead.
C:\Users\PC14\Desktop\OpenMEShit\OpenMesh_EX\OpenMesh_EX\Mesh\GUA_OM.cpp(574,23): warning C4996: 'OpenMesh::Iterators::GenericIteratorT<OpenMesh::PolyConnectivity::This,OpenMesh::ArrayKernel::VertexHandle,OpenMesh::ArrayKernel,{&OpenMesh::ArrayKernel::has_vertex_status,0},{&OpenMesh::ArrayKernel::[thunk]: __thiscall OpenMesh::ArrayKernel::`vcall'{4,{flat}}' }',0}>::operator OpenMesh::VertexHandle': Implicit casts of iterators are unsafe. Use dereferencing operators -> and * instead.
  MyForm.cpp
  GLM: GLM_SWIZZLE is deprecated, use GLM_FORCE_SWIZZLE instead.
C:\Users\PC14\Desktop\OpenMEShit\OpenMesh_EX\Include\STB\stb_image_write.h(233,14): warning C4996: 'fopen': This function or variable may be unsafe. Consider using fopen_s instead. To disable deprecation, use _CRT_SECURE_NO_WARNINGS. See online help for details.
C:\Users\PC14\Desktop\OpenMEShit\OpenMesh_EX\Include\STB\stb_image_write.h(629,13): warning C4996: 'sprintf': This function or variable may be unsafe. Consider using sprintf_s instead. To disable deprecation, use _CRT_SECURE_NO_WARNINGS. See online help for details.
C:\Users\PC14\Desktop\OpenMEShit\OpenMesh_EX\Include\STB\stb_image_write.h(1013,8): warning C4996: 'fopen': This function or variable may be unsafe. Consider using fopen_s instead. To disable deprecation, use _CRT_SECURE_NO_WARNINGS. See online help for details.
C:\Users\PC14\Desktop\OpenMEShit\OpenMesh_EX\OpenMesh_EX\Mesh\timestamp.h(14,1): warning C4005: 'WIN32_LEAN_AND_MEAN': 巨集重複定義
C:\Users\PC14\Desktop\OpenMEShit\OpenMesh_EX\Include\FreeGLUT\freeglut_std.h(58): message : 請參閱 'WIN32_LEAN_AND_MEAN' 之前的定義
C:\Users\PC14\Desktop\OpenMEShit\OpenMesh_EX\OpenMesh_EX\MyForm.cpp(6,1): warning C4829: 函式 main 的參數可能不正確。請考慮 'int main(Platform::Array<Platform::String^>^ argv)'
  Common.cpp
  GLM: GLM_SWIZZLE is deprecated, use GLM_FORCE_SWIZZLE instead.
C:\Users\PC14\Desktop\OpenMEShit\OpenMesh_EX\OpenMesh_EX\Source\Common.cpp(151,25): warning C4018: '<': signed/unsigned 不相符
C:\Users\PC14\Desktop\OpenMEShit\OpenMesh_EX\OpenMesh_EX\Source\Common.cpp(153,26): warning C4018: '<': signed/unsigned 不相符
C:\Users\PC14\Desktop\OpenMEShit\OpenMesh_EX\OpenMesh_EX\Source\Common.cpp(169,13): warning C4996: 'fopen': This function or variable may be unsafe. Consider using fopen_s instead. To disable deprecation, use _CRT_SECURE_NO_WARNINGS. See online help for details.
  DrawModelShader.cpp
  GLM: GLM_SWIZZLE is deprecated, use GLM_FORCE_SWIZZLE instead.
  MeshObject.cpp
  GLM: GLM_SWIZZLE is deprecated, use GLM_FORCE_SWIZZLE instead.
C:\Users\PC14\Desktop\OpenMEShit\OpenMesh_EX\OpenMesh_EX\Source\MeshObject.cpp(186,21): warning C4018: '<': signed/unsigned 不相符
  OpenMesh.cpp
  ResourcePath.cpp
  ShaderObject.cpp
  GLM: GLM_SWIZZLE is deprecated, use GLM_FORCE_SWIZZLE instead.
  tiny_obj_loader.cpp
C:\Users\PC14\Desktop\OpenMEShit\OpenMesh_EX\OpenMesh_EX\Source\tiny_obj_loader.cpp(951,5): warning C4996: 'sscanf': This function or variable may be unsafe. Consider using sscanf_s instead. To disable deprecation, use _CRT_SECURE_NO_WARNINGS. See online help for details.
C:\Users\PC14\Desktop\OpenMEShit\OpenMesh_EX\OpenMesh_EX\Source\tiny_obj_loader.cpp(975,6): warning C4996: 'sscanf': This function or variable may be unsafe. Consider using sscanf_s instead. To disable deprecation, use _CRT_SECURE_NO_WARNINGS. See online help for details.
  TryMe.cpp
  ViewManager.cpp
  GLM: GLM_SWIZZLE is deprecated, use GLM_FORCE_SWIZZLE instead.
C:\Users\PC14\Desktop\OpenMEShit\OpenMesh_EX\OpenMesh_EX\Source\ViewManager.cpp(134,14): warning C4244: '引數': 將 'float' 轉換為 'int'，由於類型不同，可能導致資料遺失
C:\Users\PC14\Desktop\OpenMEShit\OpenMesh_EX\OpenMesh_EX\Source\ViewManager.cpp(139,14): warning C4244: '引數': 將 'float' 轉換為 'int'，由於類型不同，可能導致資料遺失
C:\Users\PC14\Desktop\OpenMEShit\OpenMesh_EX\OpenMesh_EX\Source\ViewManager.cpp(283,18): warning C4244: '=': 將 'int' 轉換為 'float'，由於類型不同，可能導致資料遺失
  .NETFramework,Version=v4.5.2.AssemblyAttributes.cpp
  正在產生程式碼...
C:\Users\PC14\Desktop\OpenMEShit\OpenMesh_EX\OpenMesh_EX\Source\MeshObject.cpp : warning C4793: 'OpenMesh::ArrayKernel::`vcall'{16}'': 函式會編譯成機器碼:
  	非 clrcall 的 vcall Thunk 必須編譯為原生
C:\Users\PC14\Desktop\OpenMEShit\OpenMesh_EX\OpenMesh_EX\Source\MeshObject.cpp : warning C4793: 'OpenMesh::ArrayKernel::`vcall'{4}'': 函式會編譯成機器碼:
  	非 clrcall 的 vcall Thunk 必須編譯為原生
C:\Users\PC14\Desktop\OpenMEShit\OpenMesh_EX\OpenMesh_EX\Source\MeshObject.cpp : warning C4793: 'OpenMesh::ArrayKernel::`vcall'{8}'': 函式會編譯成機器碼:
  	非 clrcall 的 vcall Thunk 必須編譯為原生
C:\Users\PC14\Desktop\OpenMEShit\OpenMesh_EX\Include\STB\stb_image.h(732): warning C4793: '`anonymous namespace'::stbi__cpuid3': 函式會編譯成機器碼:
  	找到受控碼中不支援的內建
C:\Users\PC14\Desktop\OpenMEShit\OpenMesh_EX\Include\STB\stb_image.h(2581): warning C4793: '`anonymous namespace'::stbi__idct_simd': 函式會編譯成機器碼:
  	找到受控碼中不支援的內建
C:\Users\PC14\Desktop\OpenMEShit\OpenMesh_EX\Include\STB\stb_image.h(2582): warning C4793: '`anonymous namespace'::stbi__idct_simd': 函式會編譯成機器碼:
  	找到受控碼中不支援的內建
C:\Users\PC14\Desktop\OpenMEShit\OpenMesh_EX\Include\STB\stb_image.h(2583): warning C4793: '`anonymous namespace'::stbi__idct_simd': 函式會編譯成機器碼:
  	找到受控碼中不支援的內建
C:\Users\PC14\Desktop\OpenMEShit\OpenMesh_EX\Include\STB\stb_image.h(2584): warning C4793: '`anonymous namespace'::stbi__idct_simd': 函式會編譯成機器碼:
  	找到受控碼中不支援的內建
C:\Users\PC14\Desktop\OpenMEShit\OpenMesh_EX\Include\STB\stb_image.h(2585): warning C4793: '`anonymous namespace'::stbi__idct_simd': 函式會編譯成機器碼:
  	找到受控碼中不支援的內建
C:\Users\PC14\Desktop\OpenMEShit\OpenMesh_EX\Include\STB\stb_image.h(2586): warning C4793: '`anonymous namespace'::stbi__idct_simd': 函式會編譯成機器碼:
  	找到受控碼中不支援的內建
C:\Users\PC14\Desktop\OpenMEShit\OpenMesh_EX\Include\STB\stb_image.h(2587): warning C4793: '`anonymous namespace'::stbi__idct_simd': 函式會編譯成機器碼:
  	找到受控碼中不支援的內建
C:\Users\PC14\Desktop\OpenMEShit\OpenMesh_EX\Include\STB\stb_image.h(2588): warning C4793: '`anonymous namespace'::stbi__idct_simd': 函式會編譯成機器碼:
  	找到受控碼中不支援的內建
C:\Users\PC14\Desktop\OpenMEShit\OpenMesh_EX\Include\STB\stb_image.h(2591): warning C4793: '`anonymous namespace'::stbi__idct_simd': 函式會編譯成機器碼:
  	找到受控碼中不支援的內建
C:\Users\PC14\Desktop\OpenMEShit\OpenMesh_EX\Include\STB\stb_image.h(2592): warning C4793: '`anonymous namespace'::stbi__idct_simd': 函式會編譯成機器碼:
  	找到受控碼中不支援的內建
C:\Users\PC14\Desktop\OpenMEShit\OpenMesh_EX\Include\STB\stb_image.h(2595): warning C4793: '`anonymous namespace'::stbi__idct_simd': 函式會編譯成機器碼:
  	找到受控碼中不支援的內建
C:\Users\PC14\Desktop\OpenMEShit\OpenMesh_EX\Include\STB\stb_image.h(2596): warning C4793: '`anonymous namespace'::stbi__idct_simd': 函式會編譯成機器碼:
  	找到受控碼中不支援的內建
C:\Users\PC14\Desktop\OpenMEShit\OpenMesh_EX\Include\STB\stb_image.h(2597): warning C4793: '`anonymous namespace'::stbi__idct_simd': 函式會編譯成機器碼:
  	找到受控碼中不支援的內建
C:\Users\PC14\Desktop\OpenMEShit\OpenMesh_EX\Include\STB\stb_image.h(2598): warning C4793: '`anonymous namespace'::stbi__idct_simd': 函式會編譯成機器碼:
  	找到受控碼中不支援的內建
C:\Users\PC14\Desktop\OpenMEShit\OpenMesh_EX\Include\STB\stb_image.h(2599): warning C4793: '`anonymous namespace'::stbi__idct_simd': 函式會編譯成機器碼:
  	找到受控碼中不支援的內建
C:\Users\PC14\Desktop\OpenMEShit\OpenMesh_EX\Include\STB\stb_image.h(2600): warning C4793: '`anonymous namespace'::stbi__idct_simd': 函式會編譯成機器碼:
  	找到受控碼中不支援的內建
C:\Users\PC14\Desktop\OpenMEShit\OpenMesh_EX\Include\STB\stb_image.h(2601): warning C4793: '`anonymous namespace'::stbi__idct_simd': 函式會編譯成機器碼:
  	找到受控碼中不支援的內建
C:\Users\PC14\Desktop\OpenMEShit\OpenMesh_EX\Include\STB\stb_image.h(2602): warning C4793: '`anonymous namespace'::stbi__idct_simd': 函式會編譯成機器碼:
  	找到受控碼中不支援的內建
C:\Users\PC14\Desktop\OpenMEShit\OpenMesh_EX\Include\STB\stb_image.h(2605): warning C4793: '`anonymous namespace'::stbi__idct_simd': 函式會編譯成機器碼:
  	找到受控碼中不支援的內建
C:\Users\PC14\Desktop\OpenMEShit\OpenMesh_EX\Include\STB\stb_image.h(2605): warning C4793: '`anonymous namespace'::stbi__idct_simd': 函式會編譯成機器碼:
  	找到受控碼中不支援的內建
C:\Users\PC14\Desktop\OpenMEShit\OpenMesh_EX\Include\STB\stb_image.h(2605): warning C4793: '`anonymous namespace'::stbi__idct_simd': 函式會編譯成機器碼:
  	找到受控碼中不支援的內建
C:\Users\PC14\Desktop\OpenMEShit\OpenMesh_EX\Include\STB\stb_image.h(2605): warning C4793: '`anonymous namespace'::stbi__idct_simd': 函式會編譯成機器碼:
  	找到受控碼中不支援的內建
C:\Users\PC14\Desktop\OpenMEShit\OpenMesh_EX\Include\STB\stb_image.h(2605): warning C4793: '`anonymous namespace'::stbi__idct_simd': 函式會編譯成機器碼:
  	找到受控碼中不支援的內建
C:\Users\PC14\Desktop\OpenMEShit\OpenMesh_EX\Include\STB\stb_image.h(2605): warning C4793: '`anonymous namespace'::stbi__idct_simd': 函式會編譯成機器碼:
  	找到受控碼中不支援的內建
C:\Users\PC14\Desktop\OpenMEShit\OpenMesh_EX\Include\STB\stb_image.h(2605): warning C4793: '`anonymous namespace'::stbi__idct_simd': 函式會編譯成機器碼:
  	找到受控碼中不支援的內建
C:\Users\PC14\Desktop\OpenMEShit\OpenMesh_EX\Include\STB\stb_image.h(2605): warning C4793: '`anonymous namespace'::stbi__idct_simd': 函式會編譯成機器碼:
  	找到受控碼中不支援的內建
C:\Users\PC14\Desktop\OpenMEShit\OpenMesh_EX\Include\STB\stb_image.h(2605): warning C4793: '`anonymous namespace'::stbi__idct_simd': 函式會編譯成機器碼:
  	找到受控碼中不支援的內建
C:\Users\PC14\Desktop\OpenMEShit\OpenMesh_EX\Include\STB\stb_image.h(2605): warning C4793: '`anonymous namespace'::stbi__idct_simd': 函式會編譯成機器碼:
  	找到受控碼中不支援的內建
C:\Users\PC14\Desktop\OpenMEShit\OpenMesh_EX\Include\STB\stb_image.h(2605): warning C4793: '`anonymous namespace'::stbi__idct_simd': 函式會編譯成機器碼:
  	找到受控碼中不支援的內建
C:\Users\PC14\Desktop\OpenMEShit\OpenMesh_EX\Include\STB\stb_image.h(2605): warning C4793: '`anonymous namespace'::stbi__idct_simd': 函式會編譯成機器碼:
  	找到受控碼中不支援的內建
C:\Users\PC14\Desktop\OpenMEShit\OpenMesh_EX\Include\STB\stb_image.h(2605): warning C4793: '`anonymous namespace'::stbi__idct_simd': 函式會編譯成機器碼:
  	找到受控碼中不支援的內建
C:\Users\PC14\Desktop\OpenMEShit\OpenMesh_EX\Include\STB\stb_image.h(2605): warning C4793: '`anonymous namespace'::stbi__idct_simd': 函式會編譯成機器碼:
  	找到受控碼中不支援的內建
C:\Users\PC14\Desktop\OpenMEShit\OpenMesh_EX\Include\STB\stb_image.h(2605): warning C4793: '`anonymous namespace'::stbi__idct_simd': 函式會編譯成機器碼:
  	找到受控碼中不支援的內建
C:\Users\PC14\Desktop\OpenMEShit\OpenMesh_EX\Include\STB\stb_image.h(2605): warning C4793: '`anonymous namespace'::stbi__idct_simd': 函式會編譯成機器碼:
  	找到受控碼中不支援的內建
C:\Users\PC14\Desktop\OpenMEShit\OpenMesh_EX\Include\STB\stb_image.h(2605): warning C4793: '`anonymous namespace'::stbi__idct_simd': 函式會編譯成機器碼:
  	找到受控碼中不支援的內建
C:\Users\PC14\Desktop\OpenMEShit\OpenMesh_EX\Include\STB\stb_image.h(2605): warning C4793: '`anonymous namespace'::stbi__idct_simd': 函式會編譯成機器碼:
  	找到受控碼中不支援的內建
C:\Users\PC14\Desktop\OpenMEShit\OpenMesh_EX\Include\STB\stb_image.h(2605): warning C4793: '`anonymous namespace'::stbi__idct_simd': 函式會編譯成機器碼:
  	找到受控碼中不支援的內建
C:\Users\PC14\Desktop\OpenMEShit\OpenMesh_EX\Include\STB\stb_image.h(2605): warning C4793: '`anonymous namespace'::stbi__idct_simd': 函式會編譯成機器碼:
  	找到受控碼中不支援的內建
C:\Users\PC14\Desktop\OpenMEShit\OpenMesh_EX\Include\STB\stb_image.h(2605): warning C4793: '`anonymous namespace'::stbi__idct_simd': 函式會編譯成機器碼:
  	找到受控碼中不支援的內建
C:\Users\PC14\Desktop\OpenMEShit\OpenMesh_EX\Include\STB\stb_image.h(2605): warning C4793: '`anonymous namespace'::stbi__idct_simd': 函式會編譯成機器碼:
  	找到受控碼中不支援的內建
C:\Users\PC14\Desktop\OpenMEShit\OpenMesh_EX\Include\STB\stb_image.h(2605): warning C4793: '`anonymous namespace'::stbi__idct_simd': 函式會編譯成機器碼:
  	找到受控碼中不支援的內建
C:\Users\PC14\Desktop\OpenMEShit\OpenMesh_EX\Include\STB\stb_image.h(2605): warning C4793: '`anonymous namespace'::stbi__idct_simd': 函式會編譯成機器碼:
  	找到受控碼中不支援的內建
C:\Users\PC14\Desktop\OpenMEShit\OpenMesh_EX\Include\STB\stb_image.h(2605): warning C4793: '`anonymous namespace'::stbi__idct_simd': 函式會編譯成機器碼:
  	找到受控碼中不支援的內建
C:\Users\PC14\Desktop\OpenMEShit\OpenMesh_EX\Include\STB\stb_image.h(2605): warning C4793: '`anonymous namespace'::stbi__idct_simd': 函式會編譯成機器碼:
  	找到受控碼中不支援的內建
C:\Users\PC14\Desktop\OpenMEShit\OpenMesh_EX\Include\STB\stb_image.h(2605): warning C4793: '`anonymous namespace'::stbi__idct_simd': 函式會編譯成機器碼:
  	找到受控碼中不支援的內建
C:\Users\PC14\Desktop\OpenMEShit\OpenMesh_EX\Include\STB\stb_image.h(2605): warning C4793: '`anonymous namespace'::stbi__idct_simd': 函式會編譯成機器碼:
  	找到受控碼中不支援的內建
C:\Users\PC14\Desktop\OpenMEShit\OpenMesh_EX\Include\STB\stb_image.h(2605): warning C4793: '`anonymous namespace'::stbi__idct_simd': 函式會編譯成機器碼:
  	找到受控碼中不支援的內建
C:\Users\PC14\Desktop\OpenMEShit\OpenMesh_EX\Include\STB\stb_image.h(2605): warning C4793: '`anonymous namespace'::stbi__idct_simd': 函式會編譯成機器碼:
  	找到受控碼中不支援的內建
C:\Users\PC14\Desktop\OpenMEShit\OpenMesh_EX\Include\STB\stb_image.h(2605): warning C4793: '`anonymous namespace'::stbi__idct_simd': 函式會編譯成機器碼:
  	找到受控碼中不支援的內建
C:\Users\PC14\Desktop\OpenMEShit\OpenMesh_EX\Include\STB\stb_image.h(2605): warning C4793: '`anonymous namespace'::stbi__idct_simd': 函式會編譯成機器碼:
  	找到受控碼中不支援的內建
C:\Users\PC14\Desktop\OpenMEShit\OpenMesh_EX\Include\STB\stb_image.h(2605): warning C4793: '`anonymous namespace'::stbi__idct_simd': 函式會編譯成機器碼:
  	找到受控碼中不支援的內建
C:\Users\PC14\Desktop\OpenMEShit\OpenMesh_EX\Include\STB\stb_image.h(2605): warning C4793: '`anonymous namespace'::stbi__idct_simd': 函式會編譯成機器碼:
  	找到受控碼中不支援的內建
C:\Users\PC14\Desktop\OpenMEShit\OpenMesh_EX\Include\STB\stb_image.h(2605): warning C4793: '`anonymous namespace'::stbi__idct_simd': 函式會編譯成機器碼:
  	找到受控碼中不支援的內建
C:\Users\PC14\Desktop\OpenMEShit\OpenMesh_EX\Include\STB\stb_image.h(2605): warning C4793: '`anonymous namespace'::stbi__idct_simd': 函式會編譯成機器碼:
  	找到受控碼中不支援的內建
C:\Users\PC14\Desktop\OpenMEShit\OpenMesh_EX\Include\STB\stb_image.h(2605): warning C4793: '`anonymous namespace'::stbi__idct_simd': 函式會編譯成機器碼:
  	找到受控碼中不支援的內建
C:\Users\PC14\Desktop\OpenMEShit\OpenMesh_EX\Include\STB\stb_image.h(2605): warning C4793: '`anonymous namespace'::stbi__idct_simd': 函式會編譯成機器碼:
  	找到受控碼中不支援的內建
C:\Users\PC14\Desktop\OpenMEShit\OpenMesh_EX\Include\STB\stb_image.h(2605): warning C4793: '`anonymous namespace'::stbi__idct_simd': 函式會編譯成機器碼:
  	找到受控碼中不支援的內建
C:\Users\PC14\Desktop\OpenMEShit\OpenMesh_EX\Include\STB\stb_image.h(2605): warning C4793: '`anonymous namespace'::stbi__idct_simd': 函式會編譯成機器碼:
  	找到受控碼中不支援的內建
C:\Users\PC14\Desktop\OpenMEShit\OpenMesh_EX\Include\STB\stb_image.h(2605): warning C4793: '`anonymous namespace'::stbi__idct_simd': 函式會編譯成機器碼:
  	找到受控碼中不支援的內建
C:\Users\PC14\Desktop\OpenMEShit\OpenMesh_EX\Include\STB\stb_image.h(2605): warning C4793: '`anonymous namespace'::stbi__idct_simd': 函式會編譯成機器碼:
  	找到受控碼中不支援的內建
C:\Users\PC14\Desktop\OpenMEShit\OpenMesh_EX\Include\STB\stb_image.h(2605): warning C4793: '`anonymous namespace'::stbi__idct_simd': 函式會編譯成機器碼:
  	找到受控碼中不支援的內建
C:\Users\PC14\Desktop\OpenMEShit\OpenMesh_EX\Include\STB\stb_image.h(2605): warning C4793: '`anonymous namespace'::stbi__idct_simd': 函式會編譯成機器碼:
  	找到受控碼中不支援的內建
C:\Users\PC14\Desktop\OpenMEShit\OpenMesh_EX\Include\STB\stb_image.h(2605): warning C4793: '`anonymous namespace'::stbi__idct_simd': 函式會編譯成機器碼:
  	找到受控碼中不支援的內建
C:\Users\PC14\Desktop\OpenMEShit\OpenMesh_EX\Include\STB\stb_image.h(2605): warning C4793: '`anonymous namespace'::stbi__idct_simd': 函式會編譯成機器碼:
  	找到受控碼中不支援的內建
C:\Users\PC14\Desktop\OpenMEShit\OpenMesh_EX\Include\STB\stb_image.h(2605): warning C4793: '`anonymous namespace'::stbi__idct_simd': 函式會編譯成機器碼:
  	找到受控碼中不支援的內建
C:\Users\PC14\Desktop\OpenMEShit\OpenMesh_EX\Include\STB\stb_image.h(2605): warning C4793: '`anonymous namespace'::stbi__idct_simd': 函式會編譯成機器碼:
  	找到受控碼中不支援的內建
C:\Users\PC14\Desktop\OpenMEShit\OpenMesh_EX\Include\STB\stb_image.h(2605): warning C4793: '`anonymous namespace'::stbi__idct_simd': 函式會編譯成機器碼:
  	找到受控碼中不支援的內建
C:\Users\PC14\Desktop\OpenMEShit\OpenMesh_EX\Include\STB\stb_image.h(2605): warning C4793: '`anonymous namespace'::stbi__idct_simd': 函式會編譯成機器碼:
  	找到受控碼中不支援的內建
C:\Users\PC14\Desktop\OpenMEShit\OpenMesh_EX\Include\STB\stb_image.h(2605): warning C4793: '`anonymous namespace'::stbi__idct_simd': 函式會編譯成機器碼:
  	找到受控碼中不支援的內建
C:\Users\PC14\Desktop\OpenMEShit\OpenMesh_EX\Include\STB\stb_image.h(2605): warning C4793: '`anonymous namespace'::stbi__idct_simd': 函式會編譯成機器碼:
  	找到受控碼中不支援的內建
C:\Users\PC14\Desktop\OpenMEShit\OpenMesh_EX\Include\STB\stb_image.h(2605): warning C4793: '`anonymous namespace'::stbi__idct_simd': 函式會編譯成機器碼:
  	找到受控碼中不支援的內建
C:\Users\PC14\Desktop\OpenMEShit\OpenMesh_EX\Include\STB\stb_image.h(2605): warning C4793: '`anonymous namespace'::stbi__idct_simd': 函式會編譯成機器碼:
  	找到受控碼中不支援的內建
C:\Users\PC14\Desktop\OpenMEShit\OpenMesh_EX\Include\STB\stb_image.h(2605): warning C4793: '`anonymous namespace'::stbi__idct_simd': 函式會編譯成機器碼:
  	找到受控碼中不支援的內建
C:\Users\PC14\Desktop\OpenMEShit\OpenMesh_EX\Include\STB\stb_image.h(2605): warning C4793: '`anonymous namespace'::stbi__idct_simd': 函式會編譯成機器碼:
  	找到受控碼中不支援的內建
C:\Users\PC14\Desktop\OpenMEShit\OpenMesh_EX\Include\STB\stb_image.h(2605): warning C4793: '`anonymous namespace'::stbi__idct_simd': 函式會編譯成機器碼:
  	找到受控碼中不支援的內建
C:\Users\PC14\Desktop\OpenMEShit\OpenMesh_EX\Include\STB\stb_image.h(2605): warning C4793: '`anonymous namespace'::stbi__idct_simd': 函式會編譯成機器碼:
  	找到受控碼中不支援的內建
C:\Users\PC14\Desktop\OpenMEShit\OpenMesh_EX\Include\STB\stb_image.h(2605): warning C4793: '`anonymous namespace'::stbi__idct_simd': 函式會編譯成機器碼:
  	找到受控碼中不支援的內建
C:\Users\PC14\Desktop\OpenMEShit\OpenMesh_EX\Include\STB\stb_image.h(2605): warning C4793: '`anonymous namespace'::stbi__idct_simd': 函式會編譯成機器碼:
  	找到受控碼中不支援的內建
C:\Users\PC14\Desktop\OpenMEShit\OpenMesh_EX\Include\STB\stb_image.h(2605): warning C4793: '`anonymous namespace'::stbi__idct_simd': 函式會編譯成機器碼:
  	找到受控碼中不支援的內建
C:\Users\PC14\Desktop\OpenMEShit\OpenMesh_EX\Include\STB\stb_image.h(2605): warning C4793: '`anonymous namespace'::stbi__idct_simd': 函式會編譯成機器碼:
  	找到受控碼中不支援的內建
C:\Users\PC14\Desktop\OpenMEShit\OpenMesh_EX\Include\STB\stb_image.h(2605): warning C4793: '`anonymous namespace'::stbi__idct_simd': 函式會編譯成機器碼:
  	找到受控碼中不支援的內建
C:\Users\PC14\Desktop\OpenMEShit\OpenMesh_EX\Include\STB\stb_image.h(2605): warning C4793: '`anonymous namespace'::stbi__idct_simd': 函式會編譯成機器碼:
  	找到受控碼中不支援的內建
C:\Users\PC14\Desktop\OpenMEShit\OpenMesh_EX\Include\STB\stb_image.h(2605): warning C4793: '`anonymous namespace'::stbi__idct_simd': 函式會編譯成機器碼:
  	找到受控碼中不支援的內建
C:\Users\PC14\Desktop\OpenMEShit\OpenMesh_EX\Include\STB\stb_image.h(2605): warning C4793: '`anonymous namespace'::stbi__idct_simd': 函式會編譯成機器碼:
  	找到受控碼中不支援的內建
C:\Users\PC14\Desktop\OpenMEShit\OpenMesh_EX\Include\STB\stb_image.h(2605): warning C4793: '`anonymous namespace'::stbi__idct_simd': 函式會編譯成機器碼:
  	找到受控碼中不支援的內建
C:\Users\PC14\Desktop\OpenMEShit\OpenMesh_EX\Include\STB\stb_image.h(2605): warning C4793: '`anonymous namespace'::stbi__idct_simd': 函式會編譯成機器碼:
  	找到受控碼中不支援的內建
C:\Users\PC14\Desktop\OpenMEShit\OpenMesh_EX\Include\STB\stb_image.h(2605): warning C4793: '`anonymous namespace'::stbi__idct_simd': 函式會編譯成機器碼:
  	找到受控碼中不支援的內建
C:\Users\PC14\Desktop\OpenMEShit\OpenMesh_EX\Include\STB\stb_image.h(2605): warning C4793: '`anonymous namespace'::stbi__idct_simd': 函式會編譯成機器碼:
  	找到受控碼中不支援的內建
C:\Users\PC14\Desktop\OpenMEShit\OpenMesh_EX\Include\STB\stb_image.h(2605): warning C4793: '`anonymous namespace'::stbi__idct_simd': 函式會編譯成機器碼:
  	找到受控碼中不支援的內建
C:\Users\PC14\Desktop\OpenMEShit\OpenMesh_EX\Include\STB\stb_image.h(2605): warning C4793: '`anonymous namespace'::stbi__idct_simd': 函式會編譯成機器碼:
  	找到受控碼中不支援的內建
C:\Users\PC14\Desktop\OpenMEShit\OpenMesh_EX\Include\STB\stb_image.h(2605): warning C4793: '`anonymous namespace'::stbi__idct_simd': 函式會編譯成機器碼:
  	找到受控碼中不支援的內建
C:\Users\PC14\Desktop\OpenMEShit\OpenMesh_EX\Include\STB\stb_image.h(2605): warning C4793: '`anonymous namespace'::stbi__idct_simd': 函式會編譯成機器碼:
  	找到受控碼中不支援的內建
C:\Users\PC14\Desktop\OpenMEShit\OpenMesh_EX\Include\STB\stb_image.h(2605): warning C4793: '`anonymous namespace'::stbi__idct_simd': 函式會編譯成機器碼:
  	找到受控碼中不支援的內建
C:\Users\PC14\Desktop\OpenMEShit\OpenMesh_EX\Include\STB\stb_image.h(2605): warning C4793: '`anonymous namespace'::stbi__idct_simd': 函式會編譯成機器碼:
  	找到受控碼中不支援的內建
C:\Users\PC14\Desktop\OpenMEShit\OpenMesh_EX\Include\STB\stb_image.h(2605): warning C4793: '`anonymous namespace'::stbi__idct_simd': 函式會編譯成機器碼:
  	找到受控碼中不支援的內建
C:\Users\PC14\Desktop\OpenMEShit\OpenMesh_EX\Include\STB\stb_image.h(2605): warning C4793: '`anonymous namespace'::stbi__idct_simd': 函式會編譯成機器碼:
  	找到受控碼中不支援的內建
C:\Users\PC14\Desktop\OpenMEShit\OpenMesh_EX\Include\STB\stb_image.h(2605): warning C4793: '`anonymous namespace'::stbi__idct_simd': 函式會編譯成機器碼:
  	找到受控碼中不支援的內建
C:\Users\PC14\Desktop\OpenMEShit\OpenMesh_EX\Include\STB\stb_image.h(2605): warning C4793: '`anonymous namespace'::stbi__idct_simd': 函式會編譯成機器碼:
  	找到受控碼中不支援的內建
C:\Users\PC14\Desktop\OpenMEShit\OpenMesh_EX\Include\STB\stb_image.h(2605): warning C4793: '`anonymous namespace'::stbi__idct_simd': 函式會編譯成機器碼:
  	找到受控碼中不支援的內建
C:\Users\PC14\Desktop\OpenMEShit\OpenMesh_EX\Include\STB\stb_image.h(2605): warning C4793: '`anonymous namespace'::stbi__idct_simd': 函式會編譯成機器碼:
  	找到受控碼中不支援的內建
C:\Users\PC14\Desktop\OpenMEShit\OpenMesh_EX\Include\STB\stb_image.h(2605): warning C4793: '`anonymous namespace'::stbi__idct_simd': 函式會編譯成機器碼:
  	找到受控碼中不支援的內建
C:\Users\PC14\Desktop\OpenMEShit\OpenMesh_EX\Include\STB\stb_image.h(2605): warning C4793: '`anonymous namespace'::stbi__idct_simd': 函式會編譯成機器碼:
  	找到受控碼中不支援的內建
C:\Users\PC14\Desktop\OpenMEShit\OpenMesh_EX\Include\STB\stb_image.h(2605): warning C4793: '`anonymous namespace'::stbi__idct_simd': 函式會編譯成機器碼:
  	找到受控碼中不支援的內建
C:\Users\PC14\Desktop\OpenMEShit\OpenMesh_EX\Include\STB\stb_image.h(2605): warning C4793: '`anonymous namespace'::stbi__idct_simd': 函式會編譯成機器碼:
  	找到受控碼中不支援的內建
C:\Users\PC14\Desktop\OpenMEShit\OpenMesh_EX\Include\STB\stb_image.h(2605): warning C4793: '`anonymous namespace'::stbi__idct_simd': 函式會編譯成機器碼:
  	找到受控碼中不支援的內建
C:\Users\PC14\Desktop\OpenMEShit\OpenMesh_EX\Include\STB\stb_image.h(2605): warning C4793: '`anonymous namespace'::stbi__idct_simd': 函式會編譯成機器碼:
  	找到受控碼中不支援的內建
C:\Users\PC14\Desktop\OpenMEShit\OpenMesh_EX\Include\STB\stb_image.h(2605): warning C4793: '`anonymous namespace'::stbi__idct_simd': 函式會編譯成機器碼:
  	找到受控碼中不支援的內建
C:\Users\PC14\Desktop\OpenMEShit\OpenMesh_EX\Include\STB\stb_image.h(2605): warning C4793: '`anonymous namespace'::stbi__idct_simd': 函式會編譯成機器碼:
  	找到受控碼中不支援的內建
C:\Users\PC14\Desktop\OpenMEShit\OpenMesh_EX\Include\STB\stb_image.h(2605): warning C4793: '`anonymous namespace'::stbi__idct_simd': 函式會編譯成機器碼:
  	找到受控碼中不支援的內建
C:\Users\PC14\Desktop\OpenMEShit\OpenMesh_EX\Include\STB\stb_image.h(2605): warning C4793: '`anonymous namespace'::stbi__idct_simd': 函式會編譯成機器碼:
  	找到受控碼中不支援的內建
C:\Users\PC14\Desktop\OpenMEShit\OpenMesh_EX\Include\STB\stb_image.h(2605): warning C4793: '`anonymous namespace'::stbi__idct_simd': 函式會編譯成機器碼:
  	找到受控碼中不支援的內建
C:\Users\PC14\Desktop\OpenMEShit\OpenMesh_EX\Include\STB\stb_image.h(2605): warning C4793: '`anonymous namespace'::stbi__idct_simd': 函式會編譯成機器碼:
  	找到受控碼中不支援的內建
C:\Users\PC14\Desktop\OpenMEShit\OpenMesh_EX\Include\STB\stb_image.h(2605): warning C4793: '`anonymous namespace'::stbi__idct_simd': 函式會編譯成機器碼:
  	找到受控碼中不支援的內建
C:\Users\PC14\Desktop\OpenMEShit\OpenMesh_EX\Include\STB\stb_image.h(2605): warning C4793: '`anonymous namespace'::stbi__idct_simd': 函式會編譯成機器碼:
  	找到受控碼中不支援的內建
C:\Users\PC14\Desktop\OpenMEShit\OpenMesh_EX\Include\STB\stb_image.h(2605): warning C4793: '`anonymous namespace'::stbi__idct_simd': 函式會編譯成機器碼:
  	找到受控碼中不支援的內建
C:\Users\PC14\Desktop\OpenMEShit\OpenMesh_EX\Include\STB\stb_image.h(2605): warning C4793: '`anonymous namespace'::stbi__idct_simd': 函式會編譯成機器碼:
  	找到受控碼中不支援的內建
C:\Users\PC14\Desktop\OpenMEShit\OpenMesh_EX\Include\STB\stb_image.h(2605): warning C4793: '`anonymous namespace'::stbi__idct_simd': 函式會編譯成機器碼:
  	找到受控碼中不支援的內建
C:\Users\PC14\Desktop\OpenMEShit\OpenMesh_EX\Include\STB\stb_image.h(2605): warning C4793: '`anonymous namespace'::stbi__idct_simd': 函式會編譯成機器碼:
  	找到受控碼中不支援的內建
C:\Users\PC14\Desktop\OpenMEShit\OpenMesh_EX\Include\STB\stb_image.h(2605): warning C4793: '`anonymous namespace'::stbi__idct_simd': 函式會編譯成機器碼:
  	找到受控碼中不支援的內建
C:\Users\PC14\Desktop\OpenMEShit\OpenMesh_EX\Include\STB\stb_image.h(2605): warning C4793: '`anonymous namespace'::stbi__idct_simd': 函式會編譯成機器碼:
  	找到受控碼中不支援的內建
C:\Users\PC14\Desktop\OpenMEShit\OpenMesh_EX\Include\STB\stb_image.h(2605): warning C4793: '`anonymous namespace'::stbi__idct_simd': 函式會編譯成機器碼:
  	找到受控碼中不支援的內建
C:\Users\PC14\Desktop\OpenMEShit\OpenMesh_EX\Include\STB\stb_image.h(2605): warning C4793: '`anonymous namespace'::stbi__idct_simd': 函式會編譯成機器碼:
  	找到受控碼中不支援的內建
C:\Users\PC14\Desktop\OpenMEShit\OpenMesh_EX\Include\STB\stb_image.h(2609): warning C4793: '`anonymous namespace'::stbi__idct_simd': 函式會編譯成機器碼:
  	找到受控碼中不支援的內建
C:\Users\PC14\Desktop\OpenMEShit\OpenMesh_EX\Include\STB\stb_image.h(2609): warning C4793: '`anonymous namespace'::stbi__idct_simd': 函式會編譯成機器碼:
  	找到受控碼中不支援的內建
C:\Users\PC14\Desktop\OpenMEShit\OpenMesh_EX\Include\STB\stb_image.h(2610): warning C4793: '`anonymous namespace'::stbi__idct_simd': 函式會編譯成機器碼:
  	找到受控碼中不支援的內建
C:\Users\PC14\Desktop\OpenMEShit\OpenMesh_EX\Include\STB\stb_image.h(2610): warning C4793: '`anonymous namespace'::stbi__idct_simd': 函式會編譯成機器碼:
  	找到受控碼中不支援的內建
C:\Users\PC14\Desktop\OpenMEShit\OpenMesh_EX\Include\STB\stb_image.h(2611): warning C4793: '`anonymous namespace'::stbi__idct_simd': 函式會編譯成機器碼:
  	找到受控碼中不支援的內建
C:\Users\PC14\Desktop\OpenMEShit\OpenMesh_EX\Include\STB\stb_image.h(2611): warning C4793: '`anonymous namespace'::stbi__idct_simd': 函式會編譯成機器碼:
  	找到受控碼中不支援的內建
C:\Users\PC14\Desktop\OpenMEShit\OpenMesh_EX\Include\STB\stb_image.h(2612): warning C4793: '`anonymous namespace'::stbi__idct_simd': 函式會編譯成機器碼:
  	找到受控碼中不支援的內建
C:\Users\PC14\Desktop\OpenMEShit\OpenMesh_EX\Include\STB\stb_image.h(2612): warning C4793: '`anonymous namespace'::stbi__idct_simd': 函式會編譯成機器碼:
  	找到受控碼中不支援的內建
C:\Users\PC14\Desktop\OpenMEShit\OpenMesh_EX\Include\STB\stb_image.h(2615): warning C4793: '`anonymous namespace'::stbi__idct_simd': 函式會編譯成機器碼:
  	找到受控碼中不支援的內建
C:\Users\PC14\Desktop\OpenMEShit\OpenMesh_EX\Include\STB\stb_image.h(2615): warning C4793: '`anonymous namespace'::stbi__idct_simd': 函式會編譯成機器碼:
  	找到受控碼中不支援的內建
C:\Users\PC14\Desktop\OpenMEShit\OpenMesh_EX\Include\STB\stb_image.h(2616): warning C4793: '`anonymous namespace'::stbi__idct_simd': 函式會編譯成機器碼:
  	找到受控碼中不支援的內建
C:\Users\PC14\Desktop\OpenMEShit\OpenMesh_EX\Include\STB\stb_image.h(2616): warning C4793: '`anonymous namespace'::stbi__idct_simd': 函式會編譯成機器碼:
  	找到受控碼中不支援的內建
C:\Users\PC14\Desktop\OpenMEShit\OpenMesh_EX\Include\STB\stb_image.h(2617): warning C4793: '`anonymous namespace'::stbi__idct_simd': 函式會編譯成機器碼:
  	找到受控碼中不支援的內建
C:\Users\PC14\Desktop\OpenMEShit\OpenMesh_EX\Include\STB\stb_image.h(2617): warning C4793: '`anonymous namespace'::stbi__idct_simd': 函式會編譯成機器碼:
  	找到受控碼中不支援的內建
C:\Users\PC14\Desktop\OpenMEShit\OpenMesh_EX\Include\STB\stb_image.h(2618): warning C4793: '`anonymous namespace'::stbi__idct_simd': 函式會編譯成機器碼:
  	找到受控碼中不支援的內建
C:\Users\PC14\Desktop\OpenMEShit\OpenMesh_EX\Include\STB\stb_image.h(2618): warning C4793: '`anonymous namespace'::stbi__idct_simd': 函式會編譯成機器碼:
  	找到受控碼中不支援的內建
C:\Users\PC14\Desktop\OpenMEShit\OpenMesh_EX\Include\STB\stb_image.h(2621): warning C4793: '`anonymous namespace'::stbi__idct_simd': 函式會編譯成機器碼:
  	找到受控碼中不支援的內建
C:\Users\PC14\Desktop\OpenMEShit\OpenMesh_EX\Include\STB\stb_image.h(2621): warning C4793: '`anonymous namespace'::stbi__idct_simd': 函式會編譯成機器碼:
  	找到受控碼中不支援的內建
C:\Users\PC14\Desktop\OpenMEShit\OpenMesh_EX\Include\STB\stb_image.h(2622): warning C4793: '`anonymous namespace'::stbi__idct_simd': 函式會編譯成機器碼:
  	找到受控碼中不支援的內建
C:\Users\PC14\Desktop\OpenMEShit\OpenMesh_EX\Include\STB\stb_image.h(2622): warning C4793: '`anonymous namespace'::stbi__idct_simd': 函式會編譯成機器碼:
  	找到受控碼中不支援的內建
C:\Users\PC14\Desktop\OpenMEShit\OpenMesh_EX\Include\STB\stb_image.h(2623): warning C4793: '`anonymous namespace'::stbi__idct_simd': 函式會編譯成機器碼:
  	找到受控碼中不支援的內建
C:\Users\PC14\Desktop\OpenMEShit\OpenMesh_EX\Include\STB\stb_image.h(2623): warning C4793: '`anonymous namespace'::stbi__idct_simd': 函式會編譯成機器碼:
  	找到受控碼中不支援的內建
C:\Users\PC14\Desktop\OpenMEShit\OpenMesh_EX\Include\STB\stb_image.h(2624): warning C4793: '`anonymous namespace'::stbi__idct_simd': 函式會編譯成機器碼:
  	找到受控碼中不支援的內建
C:\Users\PC14\Desktop\OpenMEShit\OpenMesh_EX\Include\STB\stb_image.h(2624): warning C4793: '`anonymous namespace'::stbi__idct_simd': 函式會編譯成機器碼:
  	找到受控碼中不支援的內建
C:\Users\PC14\Desktop\OpenMEShit\OpenMesh_EX\Include\STB\stb_image.h(2628): warning C4793: '`anonymous namespace'::stbi__idct_simd': 函式會編譯成機器碼:
  	找到受控碼中不支援的內建
C:\Users\PC14\Desktop\OpenMEShit\OpenMesh_EX\Include\STB\stb_image.h(2628): warning C4793: '`anonymous namespace'::stbi__idct_simd': 函式會編譯成機器碼:
  	找到受控碼中不支援的內建
C:\Users\PC14\Desktop\OpenMEShit\OpenMesh_EX\Include\STB\stb_image.h(2628): warning C4793: '`anonymous namespace'::stbi__idct_simd': 函式會編譯成機器碼:
  	找到受控碼中不支援的內建
C:\Users\PC14\Desktop\OpenMEShit\OpenMesh_EX\Include\STB\stb_image.h(2628): warning C4793: '`anonymous namespace'::stbi__idct_simd': 函式會編譯成機器碼:
  	找到受控碼中不支援的內建
C:\Users\PC14\Desktop\OpenMEShit\OpenMesh_EX\Include\STB\stb_image.h(2628): warning C4793: '`anonymous namespace'::stbi__idct_simd': 函式會編譯成機器碼:
  	找到受控碼中不支援的內建
C:\Users\PC14\Desktop\OpenMEShit\OpenMesh_EX\Include\STB\stb_image.h(2628): warning C4793: '`anonymous namespace'::stbi__idct_simd': 函式會編譯成機器碼:
  	找到受控碼中不支援的內建
C:\Users\PC14\Desktop\OpenMEShit\OpenMesh_EX\Include\STB\stb_image.h(2628): warning C4793: '`anonymous namespace'::stbi__idct_simd': 函式會編譯成機器碼:
  	找到受控碼中不支援的內建
C:\Users\PC14\Desktop\OpenMEShit\OpenMesh_EX\Include\STB\stb_image.h(2628): warning C4793: '`anonymous namespace'::stbi__idct_simd': 函式會編譯成機器碼:
  	找到受控碼中不支援的內建
C:\Users\PC14\Desktop\OpenMEShit\OpenMesh_EX\Include\STB\stb_image.h(2628): warning C4793: '`anonymous namespace'::stbi__idct_simd': 函式會編譯成機器碼:
  	找到受控碼中不支援的內建
C:\Users\PC14\Desktop\OpenMEShit\OpenMesh_EX\Include\STB\stb_image.h(2628): warning C4793: '`anonymous namespace'::stbi__idct_simd': 函式會編譯成機器碼:
  	找到受控碼中不支援的內建
C:\Users\PC14\Desktop\OpenMEShit\OpenMesh_EX\Include\STB\stb_image.h(2628): warning C4793: '`anonymous namespace'::stbi__idct_simd': 函式會編譯成機器碼:
  	找到受控碼中不支援的內建
C:\Users\PC14\Desktop\OpenMEShit\OpenMesh_EX\Include\STB\stb_image.h(2628): warning C4793: '`anonymous namespace'::stbi__idct_simd': 函式會編譯成機器碼:
  	找到受控碼中不支援的內建
C:\Users\PC14\Desktop\OpenMEShit\OpenMesh_EX\Include\STB\stb_image.h(2628): warning C4793: '`anonymous namespace'::stbi__idct_simd': 函式會編譯成機器碼:
  	找到受控碼中不支援的內建
C:\Users\PC14\Desktop\OpenMEShit\OpenMesh_EX\Include\STB\stb_image.h(2628): warning C4793: '`anonymous namespace'::stbi__idct_simd': 函式會編譯成機器碼:
  	找到受控碼中不支援的內建
C:\Users\PC14\Desktop\OpenMEShit\OpenMesh_EX\Include\STB\stb_image.h(2628): warning C4793: '`anonymous namespace'::stbi__idct_simd': 函式會編譯成機器碼:
  	找到受控碼中不支援的內建
C:\Users\PC14\Desktop\OpenMEShit\OpenMesh_EX\Include\STB\stb_image.h(2628): warning C4793: '`anonymous namespace'::stbi__idct_simd': 函式會編譯成機器碼:
  	找到受控碼中不支援的內建
C:\Users\PC14\Desktop\OpenMEShit\OpenMesh_EX\Include\STB\stb_image.h(2628): warning C4793: '`anonymous namespace'::stbi__idct_simd': 函式會編譯成機器碼:
  	找到受控碼中不支援的內建
C:\Users\PC14\Desktop\OpenMEShit\OpenMesh_EX\Include\STB\stb_image.h(2628): warning C4793: '`anonymous namespace'::stbi__idct_simd': 函式會編譯成機器碼:
  	找到受控碼中不支援的內建
C:\Users\PC14\Desktop\OpenMEShit\OpenMesh_EX\Include\STB\stb_image.h(2628): warning C4793: '`anonymous namespace'::stbi__idct_simd': 函式會編譯成機器碼:
  	找到受控碼中不支援的內建
C:\Users\PC14\Desktop\OpenMEShit\OpenMesh_EX\Include\STB\stb_image.h(2628): warning C4793: '`anonymous namespace'::stbi__idct_simd': 函式會編譯成機器碼:
  	找到受控碼中不支援的內建
C:\Users\PC14\Desktop\OpenMEShit\OpenMesh_EX\Include\STB\stb_image.h(2628): warning C4793: '`anonymous namespace'::stbi__idct_simd': 函式會編譯成機器碼:
  	找到受控碼中不支援的內建
C:\Users\PC14\Desktop\OpenMEShit\OpenMesh_EX\Include\STB\stb_image.h(2628): warning C4793: '`anonymous namespace'::stbi__idct_simd': 函式會編譯成機器碼:
  	找到受控碼中不支援的內建
C:\Users\PC14\Desktop\OpenMEShit\OpenMesh_EX\Include\STB\stb_image.h(2628): warning C4793: '`anonymous namespace'::stbi__idct_simd': 函式會編譯成機器碼:
  	找到受控碼中不支援的內建
C:\Users\PC14\Desktop\OpenMEShit\OpenMesh_EX\Include\STB\stb_image.h(2628): warning C4793: '`anonymous namespace'::stbi__idct_simd': 函式會編譯成機器碼:
  	找到受控碼中不支援的內建
C:\Users\PC14\Desktop\OpenMEShit\OpenMesh_EX\Include\STB\stb_image.h(2628): warning C4793: '`anonymous namespace'::stbi__idct_simd': 函式會編譯成機器碼:
  	找到受控碼中不支援的內建
C:\Users\PC14\Desktop\OpenMEShit\OpenMesh_EX\Include\STB\stb_image.h(2628): warning C4793: '`anonymous namespace'::stbi__idct_simd': 函式會編譯成機器碼:
  	找到受控碼中不支援的內建
C:\Users\PC14\Desktop\OpenMEShit\OpenMesh_EX\Include\STB\stb_image.h(2628): warning C4793: '`anonymous namespace'::stbi__idct_simd': 函式會編譯成機器碼:
  	找到受控碼中不支援的內建
C:\Users\PC14\Desktop\OpenMEShit\OpenMesh_EX\Include\STB\stb_image.h(2628): warning C4793: '`anonymous namespace'::stbi__idct_simd': 函式會編譯成機器碼:
  	找到受控碼中不支援的內建
C:\Users\PC14\Desktop\OpenMEShit\OpenMesh_EX\Include\STB\stb_image.h(2628): warning C4793: '`anonymous namespace'::stbi__idct_simd': 函式會編譯成機器碼:
  	找到受控碼中不支援的內建
C:\Users\PC14\Desktop\OpenMEShit\OpenMesh_EX\Include\STB\stb_image.h(2628): warning C4793: '`anonymous namespace'::stbi__idct_simd': 函式會編譯成機器碼:
  	找到受控碼中不支援的內建
C:\Users\PC14\Desktop\OpenMEShit\OpenMesh_EX\Include\STB\stb_image.h(2628): warning C4793: '`anonymous namespace'::stbi__idct_simd': 函式會編譯成機器碼:
  	找到受控碼中不支援的內建
C:\Users\PC14\Desktop\OpenMEShit\OpenMesh_EX\Include\STB\stb_image.h(2628): warning C4793: '`anonymous namespace'::stbi__idct_simd': 函式會編譯成機器碼:
  	找到受控碼中不支援的內建
C:\Users\PC14\Desktop\OpenMEShit\OpenMesh_EX\Include\STB\stb_image.h(2628): warning C4793: '`anonymous namespace'::stbi__idct_simd': 函式會編譯成機器碼:
  	找到受控碼中不支援的內建
C:\Users\PC14\Desktop\OpenMEShit\OpenMesh_EX\Include\STB\stb_image.h(2628): warning C4793: '`anonymous namespace'::stbi__idct_simd': 函式會編譯成機器碼:
  	找到受控碼中不支援的內建
C:\Users\PC14\Desktop\OpenMEShit\OpenMesh_EX\Include\STB\stb_image.h(2628): warning C4793: '`anonymous namespace'::stbi__idct_simd': 函式會編譯成機器碼:
  	找到受控碼中不支援的內建
C:\Users\PC14\Desktop\OpenMEShit\OpenMesh_EX\Include\STB\stb_image.h(2628): warning C4793: '`anonymous namespace'::stbi__idct_simd': 函式會編譯成機器碼:
  	找到受控碼中不支援的內建
C:\Users\PC14\Desktop\OpenMEShit\OpenMesh_EX\Include\STB\stb_image.h(2628): warning C4793: '`anonymous namespace'::stbi__idct_simd': 函式會編譯成機器碼:
  	找到受控碼中不支援的內建
C:\Users\PC14\Desktop\OpenMEShit\OpenMesh_EX\Include\STB\stb_image.h(2628): warning C4793: '`anonymous namespace'::stbi__idct_simd': 函式會編譯成機器碼:
  	找到受控碼中不支援的內建
C:\Users\PC14\Desktop\OpenMEShit\OpenMesh_EX\Include\STB\stb_image.h(2628): warning C4793: '`anonymous namespace'::stbi__idct_simd': 函式會編譯成機器碼:
  	找到受控碼中不支援的內建
C:\Users\PC14\Desktop\OpenMEShit\OpenMesh_EX\Include\STB\stb_image.h(2628): warning C4793: '`anonymous namespace'::stbi__idct_simd': 函式會編譯成機器碼:
  	找到受控碼中不支援的內建
C:\Users\PC14\Desktop\OpenMEShit\OpenMesh_EX\Include\STB\stb_image.h(2628): warning C4793: '`anonymous namespace'::stbi__idct_simd': 函式會編譯成機器碼:
  	找到受控碼中不支援的內建
C:\Users\PC14\Desktop\OpenMEShit\OpenMesh_EX\Include\STB\stb_image.h(2628): warning C4793: '`anonymous namespace'::stbi__idct_simd': 函式會編譯成機器碼:
  	找到受控碼中不支援的內建
C:\Users\PC14\Desktop\OpenMEShit\OpenMesh_EX\Include\STB\stb_image.h(2628): warning C4793: '`anonymous namespace'::stbi__idct_simd': 函式會編譯成機器碼:
  	找到受控碼中不支援的內建
C:\Users\PC14\Desktop\OpenMEShit\OpenMesh_EX\Include\STB\stb_image.h(2628): warning C4793: '`anonymous namespace'::stbi__idct_simd': 函式會編譯成機器碼:
  	找到受控碼中不支援的內建
C:\Users\PC14\Desktop\OpenMEShit\OpenMesh_EX\Include\STB\stb_image.h(2628): warning C4793: '`anonymous namespace'::stbi__idct_simd': 函式會編譯成機器碼:
  	找到受控碼中不支援的內建
C:\Users\PC14\Desktop\OpenMEShit\OpenMesh_EX\Include\STB\stb_image.h(2628): warning C4793: '`anonymous namespace'::stbi__idct_simd': 函式會編譯成機器碼:
  	找到受控碼中不支援的內建
C:\Users\PC14\Desktop\OpenMEShit\OpenMesh_EX\Include\STB\stb_image.h(2628): warning C4793: '`anonymous namespace'::stbi__idct_simd': 函式會編譯成機器碼:
  	找到受控碼中不支援的內建
C:\Users\PC14\Desktop\OpenMEShit\OpenMesh_EX\Include\STB\stb_image.h(2628): warning C4793: '`anonymous namespace'::stbi__idct_simd': 函式會編譯成機器碼:
  	找到受控碼中不支援的內建
C:\Users\PC14\Desktop\OpenMEShit\OpenMesh_EX\Include\STB\stb_image.h(2628): warning C4793: '`anonymous namespace'::stbi__idct_simd': 函式會編譯成機器碼:
  	找到受控碼中不支援的內建
C:\Users\PC14\Desktop\OpenMEShit\OpenMesh_EX\Include\STB\stb_image.h(2628): warning C4793: '`anonymous namespace'::stbi__idct_simd': 函式會編譯成機器碼:
  	找到受控碼中不支援的內建
C:\Users\PC14\Desktop\OpenMEShit\OpenMesh_EX\Include\STB\stb_image.h(2628): warning C4793: '`anonymous namespace'::stbi__idct_simd': 函式會編譯成機器碼:
  	找到受控碼中不支援的內建
C:\Users\PC14\Desktop\OpenMEShit\OpenMesh_EX\Include\STB\stb_image.h(2628): warning C4793: '`anonymous namespace'::stbi__idct_simd': 函式會編譯成機器碼:
  	找到受控碼中不支援的內建
C:\Users\PC14\Desktop\OpenMEShit\OpenMesh_EX\Include\STB\stb_image.h(2628): warning C4793: '`anonymous namespace'::stbi__idct_simd': 函式會編譯成機器碼:
  	找到受控碼中不支援的內建
C:\Users\PC14\Desktop\OpenMEShit\OpenMesh_EX\Include\STB\stb_image.h(2628): warning C4793: '`anonymous namespace'::stbi__idct_simd': 函式會編譯成機器碼:
  	找到受控碼中不支援的內建
C:\Users\PC14\Desktop\OpenMEShit\OpenMesh_EX\Include\STB\stb_image.h(2628): warning C4793: '`anonymous namespace'::stbi__idct_simd': 函式會編譯成機器碼:
  	找到受控碼中不支援的內建
C:\Users\PC14\Desktop\OpenMEShit\OpenMesh_EX\Include\STB\stb_image.h(2628): warning C4793: '`anonymous namespace'::stbi__idct_simd': 函式會編譯成機器碼:
  	找到受控碼中不支援的內建
C:\Users\PC14\Desktop\OpenMEShit\OpenMesh_EX\Include\STB\stb_image.h(2628): warning C4793: '`anonymous namespace'::stbi__idct_simd': 函式會編譯成機器碼:
  	找到受控碼中不支援的內建
C:\Users\PC14\Desktop\OpenMEShit\OpenMesh_EX\Include\STB\stb_image.h(2628): warning C4793: '`anonymous namespace'::stbi__idct_simd': 函式會編譯成機器碼:
  	找到受控碼中不支援的內建
C:\Users\PC14\Desktop\OpenMEShit\OpenMesh_EX\Include\STB\stb_image.h(2628): warning C4793: '`anonymous namespace'::stbi__idct_simd': 函式會編譯成機器碼:
  	找到受控碼中不支援的內建
C:\Users\PC14\Desktop\OpenMEShit\OpenMesh_EX\Include\STB\stb_image.h(2628): warning C4793: '`anonymous namespace'::stbi__idct_simd': 函式會編譯成機器碼:
  	找到受控碼中不支援的內建
C:\Users\PC14\Desktop\OpenMEShit\OpenMesh_EX\Include\STB\stb_image.h(2628): warning C4793: '`anonymous namespace'::stbi__idct_simd': 函式會編譯成機器碼:
  	找到受控碼中不支援的內建
C:\Users\PC14\Desktop\OpenMEShit\OpenMesh_EX\Include\STB\stb_image.h(2628): warning C4793: '`anonymous namespace'::stbi__idct_simd': 函式會編譯成機器碼:
  	找到受控碼中不支援的內建
C:\Users\PC14\Desktop\OpenMEShit\OpenMesh_EX\Include\STB\stb_image.h(2628): warning C4793: '`anonymous namespace'::stbi__idct_simd': 函式會編譯成機器碼:
  	找到受控碼中不支援的內建
C:\Users\PC14\Desktop\OpenMEShit\OpenMesh_EX\Include\STB\stb_image.h(2628): warning C4793: '`anonymous namespace'::stbi__idct_simd': 函式會編譯成機器碼:
  	找到受控碼中不支援的內建
C:\Users\PC14\Desktop\OpenMEShit\OpenMesh_EX\Include\STB\stb_image.h(2628): warning C4793: '`anonymous namespace'::stbi__idct_simd': 函式會編譯成機器碼:
  	找到受控碼中不支援的內建
C:\Users\PC14\Desktop\OpenMEShit\OpenMesh_EX\Include\STB\stb_image.h(2628): warning C4793: '`anonymous namespace'::stbi__idct_simd': 函式會編譯成機器碼:
  	找到受控碼中不支援的內建
C:\Users\PC14\Desktop\OpenMEShit\OpenMesh_EX\Include\STB\stb_image.h(2628): warning C4793: '`anonymous namespace'::stbi__idct_simd': 函式會編譯成機器碼:
  	找到受控碼中不支援的內建
C:\Users\PC14\Desktop\OpenMEShit\OpenMesh_EX\Include\STB\stb_image.h(2628): warning C4793: '`anonymous namespace'::stbi__idct_simd': 函式會編譯成機器碼:
  	找到受控碼中不支援的內建
C:\Users\PC14\Desktop\OpenMEShit\OpenMesh_EX\Include\STB\stb_image.h(2628): warning C4793: '`anonymous namespace'::stbi__idct_simd': 函式會編譯成機器碼:
  	找到受控碼中不支援的內建
C:\Users\PC14\Desktop\OpenMEShit\OpenMesh_EX\Include\STB\stb_image.h(2628): warning C4793: '`anonymous namespace'::stbi__idct_simd': 函式會編譯成機器碼:
  	找到受控碼中不支援的內建
C:\Users\PC14\Desktop\OpenMEShit\OpenMesh_EX\Include\STB\stb_image.h(2628): warning C4793: '`anonymous namespace'::stbi__idct_simd': 函式會編譯成機器碼:
  	找到受控碼中不支援的內建
C:\Users\PC14\Desktop\OpenMEShit\OpenMesh_EX\Include\STB\stb_image.h(2628): warning C4793: '`anonymous namespace'::stbi__idct_simd': 函式會編譯成機器碼:
  	找到受控碼中不支援的內建
C:\Users\PC14\Desktop\OpenMEShit\OpenMesh_EX\Include\STB\stb_image.h(2628): warning C4793: '`anonymous namespace'::stbi__idct_simd': 函式會編譯成機器碼:
  	找到受控碼中不支援的內建
C:\Users\PC14\Desktop\OpenMEShit\OpenMesh_EX\Include\STB\stb_image.h(2628): warning C4793: '`anonymous namespace'::stbi__idct_simd': 函式會編譯成機器碼:
  	找到受控碼中不支援的內建
C:\Users\PC14\Desktop\OpenMEShit\OpenMesh_EX\Include\STB\stb_image.h(2628): warning C4793: '`anonymous namespace'::stbi__idct_simd': 函式會編譯成機器碼:
  	找到受控碼中不支援的內建
C:\Users\PC14\Desktop\OpenMEShit\OpenMesh_EX\Include\STB\stb_image.h(2628): warning C4793: '`anonymous namespace'::stbi__idct_simd': 函式會編譯成機器碼:
  	找到受控碼中不支援的內建
C:\Users\PC14\Desktop\OpenMEShit\OpenMesh_EX\Include\STB\stb_image.h(2628): warning C4793: '`anonymous namespace'::stbi__idct_simd': 函式會編譯成機器碼:
  	找到受控碼中不支援的內建
C:\Users\PC14\Desktop\OpenMEShit\OpenMesh_EX\Include\STB\stb_image.h(2628): warning C4793: '`anonymous namespace'::stbi__idct_simd': 函式會編譯成機器碼:
  	找到受控碼中不支援的內建
C:\Users\PC14\Desktop\OpenMEShit\OpenMesh_EX\Include\STB\stb_image.h(2628): warning C4793: '`anonymous namespace'::stbi__idct_simd': 函式會編譯成機器碼:
  	找到受控碼中不支援的內建
C:\Users\PC14\Desktop\OpenMEShit\OpenMesh_EX\Include\STB\stb_image.h(2628): warning C4793: '`anonymous namespace'::stbi__idct_simd': 函式會編譯成機器碼:
  	找到受控碼中不支援的內建
C:\Users\PC14\Desktop\OpenMEShit\OpenMesh_EX\Include\STB\stb_image.h(2628): warning C4793: '`anonymous namespace'::stbi__idct_simd': 函式會編譯成機器碼:
  	找到受控碼中不支援的內建
C:\Users\PC14\Desktop\OpenMEShit\OpenMesh_EX\Include\STB\stb_image.h(2628): warning C4793: '`anonymous namespace'::stbi__idct_simd': 函式會編譯成機器碼:
  	找到受控碼中不支援的內建
C:\Users\PC14\Desktop\OpenMEShit\OpenMesh_EX\Include\STB\stb_image.h(2628): warning C4793: '`anonymous namespace'::stbi__idct_simd': 函式會編譯成機器碼:
  	找到受控碼中不支援的內建
C:\Users\PC14\Desktop\OpenMEShit\OpenMesh_EX\Include\STB\stb_image.h(2628): warning C4793: '`anonymous namespace'::stbi__idct_simd': 函式會編譯成機器碼:
  	找到受控碼中不支援的內建
C:\Users\PC14\Desktop\OpenMEShit\OpenMesh_EX\Include\STB\stb_image.h(2628): warning C4793: '`anonymous namespace'::stbi__idct_simd': 函式會編譯成機器碼:
  	找到受控碼中不支援的內建
C:\Users\PC14\Desktop\OpenMEShit\OpenMesh_EX\Include\STB\stb_image.h(2628): warning C4793: '`anonymous namespace'::stbi__idct_simd': 函式會編譯成機器碼:
  	找到受控碼中不支援的內建
C:\Users\PC14\Desktop\OpenMEShit\OpenMesh_EX\Include\STB\stb_image.h(2628): warning C4793: '`anonymous namespace'::stbi__idct_simd': 函式會編譯成機器碼:
  	找到受控碼中不支援的內建
C:\Users\PC14\Desktop\OpenMEShit\OpenMesh_EX\Include\STB\stb_image.h(2628): warning C4793: '`anonymous namespace'::stbi__idct_simd': 函式會編譯成機器碼:
  	找到受控碼中不支援的內建
C:\Users\PC14\Desktop\OpenMEShit\OpenMesh_EX\Include\STB\stb_image.h(2628): warning C4793: '`anonymous namespace'::stbi__idct_simd': 函式會編譯成機器碼:
  	找到受控碼中不支援的內建
C:\Users\PC14\Desktop\OpenMEShit\OpenMesh_EX\Include\STB\stb_image.h(2628): warning C4793: '`anonymous namespace'::stbi__idct_simd': 函式會編譯成機器碼:
  	找到受控碼中不支援的內建
C:\Users\PC14\Desktop\OpenMEShit\OpenMesh_EX\Include\STB\stb_image.h(2628): warning C4793: '`anonymous namespace'::stbi__idct_simd': 函式會編譯成機器碼:
  	找到受控碼中不支援的內建
C:\Users\PC14\Desktop\OpenMEShit\OpenMesh_EX\Include\STB\stb_image.h(2628): warning C4793: '`anonymous namespace'::stbi__idct_simd': 函式會編譯成機器碼:
  	找到受控碼中不支援的內建
C:\Users\PC14\Desktop\OpenMEShit\OpenMesh_EX\Include\STB\stb_image.h(2628): warning C4793: '`anonymous namespace'::stbi__idct_simd': 函式會編譯成機器碼:
  	找到受控碼中不支援的內建
C:\Users\PC14\Desktop\OpenMEShit\OpenMesh_EX\Include\STB\stb_image.h(2628): warning C4793: '`anonymous namespace'::stbi__idct_simd': 函式會編譯成機器碼:
  	找到受控碼中不支援的內建
C:\Users\PC14\Desktop\OpenMEShit\OpenMesh_EX\Include\STB\stb_image.h(2628): warning C4793: '`anonymous namespace'::stbi__idct_simd': 函式會編譯成機器碼:
  	找到受控碼中不支援的內建
C:\Users\PC14\Desktop\OpenMEShit\OpenMesh_EX\Include\STB\stb_image.h(2628): warning C4793: '`anonymous namespace'::stbi__idct_simd': 函式會編譯成機器碼:
  	找到受控碼中不支援的內建
C:\Users\PC14\Desktop\OpenMEShit\OpenMesh_EX\Include\STB\stb_image.h(2628): warning C4793: '`anonymous namespace'::stbi__idct_simd': 函式會編譯成機器碼:
  	找到受控碼中不支援的內建
C:\Users\PC14\Desktop\OpenMEShit\OpenMesh_EX\Include\STB\stb_image.h(2628): warning C4793: '`anonymous namespace'::stbi__idct_simd': 函式會編譯成機器碼:
  	找到受控碼中不支援的內建
C:\Users\PC14\Desktop\OpenMEShit\OpenMesh_EX\Include\STB\stb_image.h(2628): warning C4793: '`anonymous namespace'::stbi__idct_simd': 函式會編譯成機器碼:
  	找到受控碼中不支援的內建
C:\Users\PC14\Desktop\OpenMEShit\OpenMesh_EX\Include\STB\stb_image.h(2628): warning C4793: '`anonymous namespace'::stbi__idct_simd': 函式會編譯成機器碼:
  	找到受控碼中不支援的內建
C:\Users\PC14\Desktop\OpenMEShit\OpenMesh_EX\Include\STB\stb_image.h(2628): warning C4793: '`anonymous namespace'::stbi__idct_simd': 函式會編譯成機器碼:
  	找到受控碼中不支援的內建
C:\Users\PC14\Desktop\OpenMEShit\OpenMesh_EX\Include\STB\stb_image.h(2628): warning C4793: '`anonymous namespace'::stbi__idct_simd': 函式會編譯成機器碼:
  	找到受控碼中不支援的內建
C:\Users\PC14\Desktop\OpenMEShit\OpenMesh_EX\Include\STB\stb_image.h(2628): warning C4793: '`anonymous namespace'::stbi__idct_simd': 函式會編譯成機器碼:
  	找到受控碼中不支援的內建
C:\Users\PC14\Desktop\OpenMEShit\OpenMesh_EX\Include\STB\stb_image.h(2628): warning C4793: '`anonymous namespace'::stbi__idct_simd': 函式會編譯成機器碼:
  	找到受控碼中不支援的內建
C:\Users\PC14\Desktop\OpenMEShit\OpenMesh_EX\Include\STB\stb_image.h(2632): warning C4793: '`anonymous namespace'::stbi__idct_simd': 函式會編譯成機器碼:
  	找到受控碼中不支援的內建
C:\Users\PC14\Desktop\OpenMEShit\OpenMesh_EX\Include\STB\stb_image.h(2633): warning C4793: '`anonymous namespace'::stbi__idct_simd': 函式會編譯成機器碼:
  	找到受控碼中不支援的內建
C:\Users\PC14\Desktop\OpenMEShit\OpenMesh_EX\Include\STB\stb_image.h(2634): warning C4793: '`anonymous namespace'::stbi__idct_simd': 函式會編譯成機器碼:
  	找到受控碼中不支援的內建
C:\Users\PC14\Desktop\OpenMEShit\OpenMesh_EX\Include\STB\stb_image.h(2635): warning C4793: '`anonymous namespace'::stbi__idct_simd': 函式會編譯成機器碼:
  	找到受控碼中不支援的內建
C:\Users\PC14\Desktop\OpenMEShit\OpenMesh_EX\Include\STB\stb_image.h(2638): warning C4793: '`anonymous namespace'::stbi__idct_simd': 函式會編譯成機器碼:
  	找到受控碼中不支援的內建
C:\Users\PC14\Desktop\OpenMEShit\OpenMesh_EX\Include\STB\stb_image.h(2638): warning C4793: '`anonymous namespace'::stbi__idct_simd': 函式會編譯成機器碼:
  	找到受控碼中不支援的內建
C:\Users\PC14\Desktop\OpenMEShit\OpenMesh_EX\Include\STB\stb_image.h(2639): warning C4793: '`anonymous namespace'::stbi__idct_simd': 函式會編譯成機器碼:
  	找到受控碼中不支援的內建
C:\Users\PC14\Desktop\OpenMEShit\OpenMesh_EX\Include\STB\stb_image.h(2639): warning C4793: '`anonymous namespace'::stbi__idct_simd': 函式會編譯成機器碼:
  	找到受控碼中不支援的內建
C:\Users\PC14\Desktop\OpenMEShit\OpenMesh_EX\Include\STB\stb_image.h(2642): warning C4793: '`anonymous namespace'::stbi__idct_simd': 函式會編譯成機器碼:
  	找到受控碼中不支援的內建
C:\Users\PC14\Desktop\OpenMEShit\OpenMesh_EX\Include\STB\stb_image.h(2642): warning C4793: '`anonymous namespace'::stbi__idct_simd': 函式會編譯成機器碼:
  	找到受控碼中不支援的內建
C:\Users\PC14\Desktop\OpenMEShit\OpenMesh_EX\Include\STB\stb_image.h(2643): warning C4793: '`anonymous namespace'::stbi__idct_simd': 函式會編譯成機器碼:
  	找到受控碼中不支援的內建
C:\Users\PC14\Desktop\OpenMEShit\OpenMesh_EX\Include\STB\stb_image.h(2643): warning C4793: '`anonymous namespace'::stbi__idct_simd': 函式會編譯成機器碼:
  	找到受控碼中不支援的內建
C:\Users\PC14\Desktop\OpenMEShit\OpenMesh_EX\Include\STB\stb_image.h(2646): warning C4793: '`anonymous namespace'::stbi__idct_simd': 函式會編譯成機器碼:
  	找到受控碼中不支援的內建
C:\Users\PC14\Desktop\OpenMEShit\OpenMesh_EX\Include\STB\stb_image.h(2646): warning C4793: '`anonymous namespace'::stbi__idct_simd': 函式會編譯成機器碼:
  	找到受控碼中不支援的內建
C:\Users\PC14\Desktop\OpenMEShit\OpenMesh_EX\Include\STB\stb_image.h(2647): warning C4793: '`anonymous namespace'::stbi__idct_simd': 函式會編譯成機器碼:
  	找到受控碼中不支援的內建
C:\Users\PC14\Desktop\OpenMEShit\OpenMesh_EX\Include\STB\stb_image.h(2647): warning C4793: '`anonymous namespace'::stbi__idct_simd': 函式會編譯成機器碼:
  	找到受控碼中不支援的內建
C:\Users\PC14\Desktop\OpenMEShit\OpenMesh_EX\Include\STB\stb_image.h(2650): warning C4793: '`anonymous namespace'::stbi__idct_simd': 函式會編譯成機器碼:
  	找到受控碼中不支援的內建
C:\Users\PC14\Desktop\OpenMEShit\OpenMesh_EX\Include\STB\stb_image.h(2651): warning C4793: '`anonymous namespace'::stbi__idct_simd': 函式會編譯成機器碼:
  	找到受控碼中不支援的內建
C:\Users\PC14\Desktop\OpenMEShit\OpenMesh_EX\Include\STB\stb_image.h(2651): warning C4793: '`anonymous namespace'::stbi__idct_simd': 函式會編譯成機器碼:
  	找到受控碼中不支援的內建
C:\Users\PC14\Desktop\OpenMEShit\OpenMesh_EX\Include\STB\stb_image.h(2652): warning C4793: '`anonymous namespace'::stbi__idct_simd': 函式會編譯成機器碼:
  	找到受控碼中不支援的內建
C:\Users\PC14\Desktop\OpenMEShit\OpenMesh_EX\Include\STB\stb_image.h(2653): warning C4793: '`anonymous namespace'::stbi__idct_simd': 函式會編譯成機器碼:
  	找到受控碼中不支援的內建
C:\Users\PC14\Desktop\OpenMEShit\OpenMesh_EX\Include\STB\stb_image.h(2653): warning C4793: '`anonymous namespace'::stbi__idct_simd': 函式會編譯成機器碼:
  	找到受控碼中不支援的內建
C:\Users\PC14\Desktop\OpenMEShit\OpenMesh_EX\Include\STB\stb_image.h(2654): warning C4793: '`anonymous namespace'::stbi__idct_simd': 函式會編譯成機器碼:
  	找到受控碼中不支援的內建
C:\Users\PC14\Desktop\OpenMEShit\OpenMesh_EX\Include\STB\stb_image.h(2655): warning C4793: '`anonymous namespace'::stbi__idct_simd': 函式會編譯成機器碼:
  	找到受控碼中不支援的內建
C:\Users\PC14\Desktop\OpenMEShit\OpenMesh_EX\Include\STB\stb_image.h(2655): warning C4793: '`anonymous namespace'::stbi__idct_simd': 函式會編譯成機器碼:
  	找到受控碼中不支援的內建
C:\Users\PC14\Desktop\OpenMEShit\OpenMesh_EX\Include\STB\stb_image.h(2656): warning C4793: '`anonymous namespace'::stbi__idct_simd': 函式會編譯成機器碼:
  	找到受控碼中不支援的內建
C:\Users\PC14\Desktop\OpenMEShit\OpenMesh_EX\Include\STB\stb_image.h(2657): warning C4793: '`anonymous namespace'::stbi__idct_simd': 函式會編譯成機器碼:
  	找到受控碼中不支援的內建
C:\Users\PC14\Desktop\OpenMEShit\OpenMesh_EX\Include\STB\stb_image.h(2657): warning C4793: '`anonymous namespace'::stbi__idct_simd': 函式會編譯成機器碼:
  	找到受控碼中不支援的內建
C:\Users\PC14\Desktop\OpenMEShit\OpenMesh_EX\Include\STB\stb_image.h(3642): warning C4793: '`anonymous namespace'::stbi__YCbCr_to_RGB_simd': 函式會編譯成機器碼:
  	找到受控碼中不支援的內建
C:\Users\PC14\Desktop\OpenMEShit\OpenMesh_EX\Include\STB\stb_image.h(3643): warning C4793: '`anonymous namespace'::stbi__YCbCr_to_RGB_simd': 函式會編譯成機器碼:
  	找到受控碼中不支援的內建
C:\Users\PC14\Desktop\OpenMEShit\OpenMesh_EX\Include\STB\stb_image.h(3644): warning C4793: '`anonymous namespace'::stbi__YCbCr_to_RGB_simd': 函式會編譯成機器碼:
  	找到受控碼中不支援的內建
C:\Users\PC14\Desktop\OpenMEShit\OpenMesh_EX\Include\STB\stb_image.h(3645): warning C4793: '`anonymous namespace'::stbi__YCbCr_to_RGB_simd': 函式會編譯成機器碼:
  	找到受控碼中不支援的內建
C:\Users\PC14\Desktop\OpenMEShit\OpenMesh_EX\Include\STB\stb_image.h(3646): warning C4793: '`anonymous namespace'::stbi__YCbCr_to_RGB_simd': 函式會編譯成機器碼:
  	找到受控碼中不支援的內建
C:\Users\PC14\Desktop\OpenMEShit\OpenMesh_EX\Include\STB\stb_image.h(3647): warning C4793: '`anonymous namespace'::stbi__YCbCr_to_RGB_simd': 函式會編譯成機器碼:
  	找到受控碼中不支援的內建
C:\Users\PC14\Desktop\OpenMEShit\OpenMesh_EX\Include\STB\stb_image.h(3648): warning C4793: '`anonymous namespace'::stbi__YCbCr_to_RGB_simd': 函式會編譯成機器碼:
  	找到受控碼中不支援的內建
C:\Users\PC14\Desktop\OpenMEShit\OpenMesh_EX\Include\STB\stb_image.h(3652): warning C4793: '`anonymous namespace'::stbi__YCbCr_to_RGB_simd': 函式會編譯成機器碼:
  	找到受控碼中不支援的內建
C:\Users\PC14\Desktop\OpenMEShit\OpenMesh_EX\Include\STB\stb_image.h(3653): warning C4793: '`anonymous namespace'::stbi__YCbCr_to_RGB_simd': 函式會編譯成機器碼:
  	找到受控碼中不支援的內建
C:\Users\PC14\Desktop\OpenMEShit\OpenMesh_EX\Include\STB\stb_image.h(3654): warning C4793: '`anonymous namespace'::stbi__YCbCr_to_RGB_simd': 函式會編譯成機器碼:
  	找到受控碼中不支援的內建
C:\Users\PC14\Desktop\OpenMEShit\OpenMesh_EX\Include\STB\stb_image.h(3655): warning C4793: '`anonymous namespace'::stbi__YCbCr_to_RGB_simd': 函式會編譯成機器碼:
  	找到受控碼中不支援的內建
C:\Users\PC14\Desktop\OpenMEShit\OpenMesh_EX\Include\STB\stb_image.h(3656): warning C4793: '`anonymous namespace'::stbi__YCbCr_to_RGB_simd': 函式會編譯成機器碼:
  	找到受控碼中不支援的內建
C:\Users\PC14\Desktop\OpenMEShit\OpenMesh_EX\Include\STB\stb_image.h(3659): warning C4793: '`anonymous namespace'::stbi__YCbCr_to_RGB_simd': 函式會編譯成機器碼:
  	找到受控碼中不支援的內建
C:\Users\PC14\Desktop\OpenMEShit\OpenMesh_EX\Include\STB\stb_image.h(3660): warning C4793: '`anonymous namespace'::stbi__YCbCr_to_RGB_simd': 函式會編譯成機器碼:
  	找到受控碼中不支援的內建
C:\Users\PC14\Desktop\OpenMEShit\OpenMesh_EX\Include\STB\stb_image.h(3660): warning C4793: '`anonymous namespace'::stbi__YCbCr_to_RGB_simd': 函式會編譯成機器碼:
  	找到受控碼中不支援的內建
C:\Users\PC14\Desktop\OpenMEShit\OpenMesh_EX\Include\STB\stb_image.h(3661): warning C4793: '`anonymous namespace'::stbi__YCbCr_to_RGB_simd': 函式會編譯成機器碼:
  	找到受控碼中不支援的內建
C:\Users\PC14\Desktop\OpenMEShit\OpenMesh_EX\Include\STB\stb_image.h(3661): warning C4793: '`anonymous namespace'::stbi__YCbCr_to_RGB_simd': 函式會編譯成機器碼:
  	找到受控碼中不支援的內建
C:\Users\PC14\Desktop\OpenMEShit\OpenMesh_EX\Include\STB\stb_image.h(3664): warning C4793: '`anonymous namespace'::stbi__YCbCr_to_RGB_simd': 函式會編譯成機器碼:
  	找到受控碼中不支援的內建
C:\Users\PC14\Desktop\OpenMEShit\OpenMesh_EX\Include\STB\stb_image.h(3665): warning C4793: '`anonymous namespace'::stbi__YCbCr_to_RGB_simd': 函式會編譯成機器碼:
  	找到受控碼中不支援的內建
C:\Users\PC14\Desktop\OpenMEShit\OpenMesh_EX\Include\STB\stb_image.h(3666): warning C4793: '`anonymous namespace'::stbi__YCbCr_to_RGB_simd': 函式會編譯成機器碼:
  	找到受控碼中不支援的內建
C:\Users\PC14\Desktop\OpenMEShit\OpenMesh_EX\Include\STB\stb_image.h(3667): warning C4793: '`anonymous namespace'::stbi__YCbCr_to_RGB_simd': 函式會編譯成機器碼:
  	找到受控碼中不支援的內建
C:\Users\PC14\Desktop\OpenMEShit\OpenMesh_EX\Include\STB\stb_image.h(3668): warning C4793: '`anonymous namespace'::stbi__YCbCr_to_RGB_simd': 函式會編譯成機器碼:
  	找到受控碼中不支援的內建
C:\Users\PC14\Desktop\OpenMEShit\OpenMesh_EX\Include\STB\stb_image.h(3669): warning C4793: '`anonymous namespace'::stbi__YCbCr_to_RGB_simd': 函式會編譯成機器碼:
  	找到受控碼中不支援的內建
C:\Users\PC14\Desktop\OpenMEShit\OpenMesh_EX\Include\STB\stb_image.h(3670): warning C4793: '`anonymous namespace'::stbi__YCbCr_to_RGB_simd': 函式會編譯成機器碼:
  	找到受控碼中不支援的內建
C:\Users\PC14\Desktop\OpenMEShit\OpenMesh_EX\Include\STB\stb_image.h(3671): warning C4793: '`anonymous namespace'::stbi__YCbCr_to_RGB_simd': 函式會編譯成機器碼:
  	找到受控碼中不支援的內建
C:\Users\PC14\Desktop\OpenMEShit\OpenMesh_EX\Include\STB\stb_image.h(3672): warning C4793: '`anonymous namespace'::stbi__YCbCr_to_RGB_simd': 函式會編譯成機器碼:
  	找到受控碼中不支援的內建
C:\Users\PC14\Desktop\OpenMEShit\OpenMesh_EX\Include\STB\stb_image.h(3675): warning C4793: '`anonymous namespace'::stbi__YCbCr_to_RGB_simd': 函式會編譯成機器碼:
  	找到受控碼中不支援的內建
C:\Users\PC14\Desktop\OpenMEShit\OpenMesh_EX\Include\STB\stb_image.h(3676): warning C4793: '`anonymous namespace'::stbi__YCbCr_to_RGB_simd': 函式會編譯成機器碼:
  	找到受控碼中不支援的內建
C:\Users\PC14\Desktop\OpenMEShit\OpenMesh_EX\Include\STB\stb_image.h(3677): warning C4793: '`anonymous namespace'::stbi__YCbCr_to_RGB_simd': 函式會編譯成機器碼:
  	找到受控碼中不支援的內建
C:\Users\PC14\Desktop\OpenMEShit\OpenMesh_EX\Include\STB\stb_image.h(3680): warning C4793: '`anonymous namespace'::stbi__YCbCr_to_RGB_simd': 函式會編譯成機器碼:
  	找到受控碼中不支援的內建
C:\Users\PC14\Desktop\OpenMEShit\OpenMesh_EX\Include\STB\stb_image.h(3681): warning C4793: '`anonymous namespace'::stbi__YCbCr_to_RGB_simd': 函式會編譯成機器碼:
  	找到受控碼中不支援的內建
C:\Users\PC14\Desktop\OpenMEShit\OpenMesh_EX\Include\STB\stb_image.h(3684): warning C4793: '`anonymous namespace'::stbi__YCbCr_to_RGB_simd': 函式會編譯成機器碼:
  	找到受控碼中不支援的內建
C:\Users\PC14\Desktop\OpenMEShit\OpenMesh_EX\Include\STB\stb_image.h(3685): warning C4793: '`anonymous namespace'::stbi__YCbCr_to_RGB_simd': 函式會編譯成機器碼:
  	找到受控碼中不支援的內建
C:\Users\PC14\Desktop\OpenMEShit\OpenMesh_EX\Include\STB\stb_image.h(3686): warning C4793: '`anonymous namespace'::stbi__YCbCr_to_RGB_simd': 函式會編譯成機器碼:
  	找到受控碼中不支援的內建
C:\Users\PC14\Desktop\OpenMEShit\OpenMesh_EX\Include\STB\stb_image.h(3687): warning C4793: '`anonymous namespace'::stbi__YCbCr_to_RGB_simd': 函式會編譯成機器碼:
  	找到受控碼中不支援的內建
C:\Users\PC14\Desktop\OpenMEShit\OpenMesh_EX\Include\STB\stb_image.h(3690): warning C4793: '`anonymous namespace'::stbi__YCbCr_to_RGB_simd': 函式會編譯成機器碼:
  	找到受控碼中不支援的內建
C:\Users\PC14\Desktop\OpenMEShit\OpenMesh_EX\Include\STB\stb_image.h(3691): warning C4793: '`anonymous namespace'::stbi__YCbCr_to_RGB_simd': 函式會編譯成機器碼:
  	找到受控碼中不支援的內建
C:\Users\PC14\Desktop\OpenMEShit\OpenMesh_EX\Include\STB\stb_image.h(3494): warning C4793: '`anonymous namespace'::stbi__resample_row_hv_2_simd': 函式會編譯成機器碼:
  	找到受控碼中不支援的內建
C:\Users\PC14\Desktop\OpenMEShit\OpenMesh_EX\Include\STB\stb_image.h(3495): warning C4793: '`anonymous namespace'::stbi__resample_row_hv_2_simd': 函式會編譯成機器碼:
  	找到受控碼中不支援的內建
C:\Users\PC14\Desktop\OpenMEShit\OpenMesh_EX\Include\STB\stb_image.h(3496): warning C4793: '`anonymous namespace'::stbi__resample_row_hv_2_simd': 函式會編譯成機器碼:
  	找到受控碼中不支援的內建
C:\Users\PC14\Desktop\OpenMEShit\OpenMesh_EX\Include\STB\stb_image.h(3497): warning C4793: '`anonymous namespace'::stbi__resample_row_hv_2_simd': 函式會編譯成機器碼:
  	找到受控碼中不支援的內建
C:\Users\PC14\Desktop\OpenMEShit\OpenMesh_EX\Include\STB\stb_image.h(3498): warning C4793: '`anonymous namespace'::stbi__resample_row_hv_2_simd': 函式會編譯成機器碼:
  	找到受控碼中不支援的內建
C:\Users\PC14\Desktop\OpenMEShit\OpenMesh_EX\Include\STB\stb_image.h(3499): warning C4793: '`anonymous namespace'::stbi__resample_row_hv_2_simd': 函式會編譯成機器碼:
  	找到受控碼中不支援的內建
C:\Users\PC14\Desktop\OpenMEShit\OpenMesh_EX\Include\STB\stb_image.h(3500): warning C4793: '`anonymous namespace'::stbi__resample_row_hv_2_simd': 函式會編譯成機器碼:
  	找到受控碼中不支援的內建
C:\Users\PC14\Desktop\OpenMEShit\OpenMesh_EX\Include\STB\stb_image.h(3501): warning C4793: '`anonymous namespace'::stbi__resample_row_hv_2_simd': 函式會編譯成機器碼:
  	找到受控碼中不支援的內建
C:\Users\PC14\Desktop\OpenMEShit\OpenMesh_EX\Include\STB\stb_image.h(3508): warning C4793: '`anonymous namespace'::stbi__resample_row_hv_2_simd': 函式會編譯成機器碼:
  	找到受控碼中不支援的內建
C:\Users\PC14\Desktop\OpenMEShit\OpenMesh_EX\Include\STB\stb_image.h(3509): warning C4793: '`anonymous namespace'::stbi__resample_row_hv_2_simd': 函式會編譯成機器碼:
  	找到受控碼中不支援的內建
C:\Users\PC14\Desktop\OpenMEShit\OpenMesh_EX\Include\STB\stb_image.h(3510): warning C4793: '`anonymous namespace'::stbi__resample_row_hv_2_simd': 函式會編譯成機器碼:
  	找到受控碼中不支援的內建
C:\Users\PC14\Desktop\OpenMEShit\OpenMesh_EX\Include\STB\stb_image.h(3511): warning C4793: '`anonymous namespace'::stbi__resample_row_hv_2_simd': 函式會編譯成機器碼:
  	找到受控碼中不支援的內建
C:\Users\PC14\Desktop\OpenMEShit\OpenMesh_EX\Include\STB\stb_image.h(3517): warning C4793: '`anonymous namespace'::stbi__resample_row_hv_2_simd': 函式會編譯成機器碼:
  	找到受控碼中不支援的內建
C:\Users\PC14\Desktop\OpenMEShit\OpenMesh_EX\Include\STB\stb_image.h(3518): warning C4793: '`anonymous namespace'::stbi__resample_row_hv_2_simd': 函式會編譯成機器碼:
  	找到受控碼中不支援的內建
C:\Users\PC14\Desktop\OpenMEShit\OpenMesh_EX\Include\STB\stb_image.h(3519): warning C4793: '`anonymous namespace'::stbi__resample_row_hv_2_simd': 函式會編譯成機器碼:
  	找到受控碼中不支援的內建
C:\Users\PC14\Desktop\OpenMEShit\OpenMesh_EX\Include\STB\stb_image.h(3520): warning C4793: '`anonymous namespace'::stbi__resample_row_hv_2_simd': 函式會編譯成機器碼:
  	找到受控碼中不支援的內建
C:\Users\PC14\Desktop\OpenMEShit\OpenMesh_EX\Include\STB\stb_image.h(3521): warning C4793: '`anonymous namespace'::stbi__resample_row_hv_2_simd': 函式會編譯成機器碼:
  	找到受控碼中不支援的內建
C:\Users\PC14\Desktop\OpenMEShit\OpenMesh_EX\Include\STB\stb_image.h(3522): warning C4793: '`anonymous namespace'::stbi__resample_row_hv_2_simd': 函式會編譯成機器碼:
  	找到受控碼中不支援的內建
C:\Users\PC14\Desktop\OpenMEShit\OpenMesh_EX\Include\STB\stb_image.h(3523): warning C4793: '`anonymous namespace'::stbi__resample_row_hv_2_simd': 函式會編譯成機器碼:
  	找到受控碼中不支援的內建
C:\Users\PC14\Desktop\OpenMEShit\OpenMesh_EX\Include\STB\stb_image.h(3526): warning C4793: '`anonymous namespace'::stbi__resample_row_hv_2_simd': 函式會編譯成機器碼:
  	找到受控碼中不支援的內建
C:\Users\PC14\Desktop\OpenMEShit\OpenMesh_EX\Include\STB\stb_image.h(3527): warning C4793: '`anonymous namespace'::stbi__resample_row_hv_2_simd': 函式會編譯成機器碼:
  	找到受控碼中不支援的內建
C:\Users\PC14\Desktop\OpenMEShit\OpenMesh_EX\Include\STB\stb_image.h(3528): warning C4793: '`anonymous namespace'::stbi__resample_row_hv_2_simd': 函式會編譯成機器碼:
  	找到受控碼中不支援的內建
C:\Users\PC14\Desktop\OpenMEShit\OpenMesh_EX\Include\STB\stb_image.h(3529): warning C4793: '`anonymous namespace'::stbi__resample_row_hv_2_simd': 函式會編譯成機器碼:
  	找到受控碼中不支援的內建
C:\Users\PC14\Desktop\OpenMEShit\OpenMesh_EX\Include\STB\stb_image.h(3532): warning C4793: '`anonymous namespace'::stbi__resample_row_hv_2_simd': 函式會編譯成機器碼:
  	找到受控碼中不支援的內建
C:\Users\PC14\Desktop\OpenMEShit\OpenMesh_EX\Include\STB\stb_image.h(3533): warning C4793: '`anonymous namespace'::stbi__resample_row_hv_2_simd': 函式會編譯成機器碼:
  	找到受控碼中不支援的內建
C:\Users\PC14\Desktop\OpenMEShit\OpenMesh_EX\Include\STB\stb_image_write.h(359): warning C4793: '`anonymous namespace'::stbiw__outfile': 函式會編譯成機器碼:
  	在 /clr 下不支援 varargs
C:\Users\PC14\Desktop\OpenMEShit\OpenMesh_EX\Include\STB\stb_image_write.h(364): warning C4793: '`anonymous namespace'::stbiw__outfile': 函式會編譯成機器碼:
  	找到受控碼中不支援的內建
C:\Users\PC14\Desktop\OpenMEShit\OpenMesh_EX\Include\STB\stb_image_write.h(366): warning C4793: '`anonymous namespace'::stbiw__outfile': 函式會編譯成機器碼:
  	找到受控碼中不支援的內建
C:\Users\PC14\Desktop\OpenMEShit\OpenMesh_EX\Include\STB\stb_image_write.h(284): warning C4793: '`anonymous namespace'::stbiw__writef': 函式會編譯成機器碼:
  	在 /clr 下不支援 varargs
C:\Users\PC14\Desktop\OpenMEShit\OpenMesh_EX\Include\STB\stb_image_write.h(286): warning C4793: '`anonymous namespace'::stbiw__writef': 函式會編譯成機器碼:
  	找到受控碼中不支援的內建
C:\Users\PC14\Desktop\OpenMEShit\OpenMesh_EX\Include\STB\stb_image_write.h(288): warning C4793: '`anonymous namespace'::stbiw__writef': 函式會編譯成機器碼:
  	找到受控碼中不支援的內建
C:\Users\PC14\Desktop\OpenMEShit\OpenMesh_EX\Include\STB\stb_image_write.h(259): warning C4793: '`anonymous namespace'::stbiw__writefv': 函式會編譯成機器碼:
  	找到受控碼中不支援的內建
C:\Users\PC14\Desktop\OpenMEShit\OpenMesh_EX\Include\STB\stb_image_write.h(262): warning C4793: '`anonymous namespace'::stbiw__writefv': 函式會編譯成機器碼:
  	找到受控碼中不支援的內建
C:\Users\PC14\Desktop\OpenMEShit\OpenMesh_EX\Include\STB\stb_image_write.h(268): warning C4793: '`anonymous namespace'::stbiw__writefv': 函式會編譯成機器碼:
  	找到受控碼中不支援的內建
C:\Users\PC14\Desktop\OpenMEShit\OpenMesh_EX\OpenMesh_EX\Mesh\GUA_OM.cpp : warning C4793: 'OpenMesh::ArrayKernel::`vcall'{16}'': 函式會編譯成機器碼:
  	非 clrcall 的 vcall Thunk 必須編譯為原生
C:\Users\PC14\Desktop\OpenMEShit\OpenMesh_EX\OpenMesh_EX\Mesh\GUA_OM.cpp : warning C4793: 'OpenMesh::ArrayKernel::`vcall'{12}'': 函式會編譯成機器碼:
  	非 clrcall 的 vcall Thunk 必須編譯為原生
C:\Users\PC14\Desktop\OpenMEShit\OpenMesh_EX\OpenMesh_EX\Mesh\GUA_OM.cpp : warning C4793: 'OpenMesh::ArrayKernel::`vcall'{4}'': 函式會編譯成機器碼:
  	非 clrcall 的 vcall Thunk 必須編譯為原生
C:\Users\PC14\Desktop\OpenMEShit\OpenMesh_EX\OpenMesh_EX\Mesh\GUA_OM.cpp : warning C4793: 'OpenMesh::ArrayKernel::`vcall'{8}'': 函式會編譯成機器碼:
  	非 clrcall 的 vcall Thunk 必須編譯為原生
  DotNetUitilities.obj : 發現 MSIL 模組。MSIL 的累加連結已停用。正在執行完整連結
  OpenMesh_EX.vcxproj -> C:\Users\PC14\Desktop\OpenMEShit\OpenMesh_EX\Debug\OpenMesh_EX.exe
